<?xml version="1.0" encoding="UTF-8"?>
<testsuite name="myrunner.Myrunner" tests="0" skipped="0" failures="0" errors="0" timestamp="1970-01-01T00:00:00" hostname="Monils-MacBook-Pro.local" time="0.0">
  <properties/>
  <system-out><![CDATA[@seatbooking
Feature: 
  As a user
  I want to be able to book a seat in a bus for given date

  Scenario Outline: Book a seat in bus                                               ?[90m# seatbooking.feature:6?[0m
    //Given user sends mobile no 9876545678
    //And click on continue

    ?[36mGiven ?[0m?[36muser on home screen taps skip?[0m
    ?[36mAnd ?[0m?[36muser on home screen taps on bus?[0m
    ?[36mAnd ?[0m?[36muser on tripDetail page taps on From?[0m
    ?[36mAnd ?[0m?[36muser on tripDetail page types on enterdeptartureCityName value "<dept_city>"?[0m
    ?[36mAnd ?[0m?[36muser on tripDetail page select first option from city?[0m
    ?[36mAnd ?[0m?[36muser on tripDetail page taps on To?[0m
    ?[36mAnd ?[0m?[36muser on tripDetail page types on enterarrivalCityName value "<arr_city>"?[0m
    ?[36mAnd ?[0m?[36muser on tripDetail page select first option from city?[0m
    ?[36mAnd ?[0m?[36muser on tripDetail page taps on Departure date?[0m
    ?[36mAnd ?[0m?[36muser on tripDetail page select date 29 "October" from calender?[0m
    ?[36mAnd ?[0m?[36muser on tripDetail page taps on SearchButton?[0m
    ?[36mAnd ?[0m?[36muser on busSearch page select first bus?[0m
    ?[36mAnd ?[0m?[36muser on seatSelectionpage selected seat number 9 and 10?[0m
    ?[36mAnd ?[0m?[36muser on seatSelectionpage taps on continue?[0m
    ?[36mAnd ?[0m?[36muser on seatSelectionpage select pick up point as "Majestic"?[0m

    Examples: 
[HTTP] --> POST /wd/hub/session/e4fd87ed-2d93-4f2b-a67d-e15e2bd4e4e7/element {"using":"id","value":"bus_icon"}
[debug] [MJSONWP] Calling AppiumDriver.findElement() with args: ["id","bus_icon","e4fd87ed-2d93-4f2b-a67d-e15e2bd4e4e7"]
[debug] [BaseDriver] Valid locator strategies for this request: xpath, id, class name, accessibility id, -android uiautomator
[debug] [BaseDriver] Valid locator strategies for this request: xpath, id, class name, accessibility id, -android uiautomator
[debug] [BaseDriver] Waiting up to 10000 ms for condition
[debug] [AndroidBootstrap] Sending command to android: {"cmd":"action","action":"find","params":{"strategy":"id","selector":"bus_icon","context":"","multiple":false}}
[debug] [AndroidBootstrap] [BOOTSTRAP LOG] [debug] Got data from client: {"cmd":"action","action":"find","params":{"strategy":"id","selector":"bus_icon","context":"","multiple":false}}
[debug] [AndroidBootstrap] [BOOTSTRAP LOG] [debug] Got command of type ACTION
[debug] [AndroidBootstrap] [BOOTSTRAP LOG] [debug] Got command action: find
[debug] [AndroidBootstrap] [BOOTSTRAP LOG] [debug] Finding 'bus_icon' using 'ID' with the contextId: '' multiple: false
[debug] [AndroidBootstrap] [BOOTSTRAP LOG] [debug] Using: UiSelector[INSTANCE=0, RESOURCE_ID=com.goibibo:id/bus_icon]
[debug] [AndroidBootstrap] [BOOTSTRAP LOG] [debug] Returning result: {"status":0,"value":{"ELEMENT":"3"}}
[debug] [AndroidBootstrap] Received command result from bootstrap
[debug] [MJSONWP] Responding to client with driver.findElement() result: {"ELEMENT":"3"}
[HTTP] <-- POST /wd/hub/session/e4fd87ed-2d93-4f2b-a67d-e15e2bd4e4e7/element 200 724 ms - 87 
[HTTP] --> GET /wd/hub/session/e4fd87ed-2d93-4f2b-a67d-e15e2bd4e4e7 {}
[debug] [MJSONWP] Calling AppiumDriver.getSession() with args: ["e4fd87ed-2d93-4f2b-a67d-e15e2bd4e4e7"]
[debug] [MJSONWP] Responding to client with driver.getSession() result: {"platform":"LINUX","webStorageEnabled":false,"takesScreenshot":true,"javascriptEnabled":true,"databaseEnabled":false,"networkConnectionEnabled":true,"locationContextEnabled":false,"warnings":{},"desired":{"app":"/Users/moniljoshi/Development/Goibibo/app/Goibibo.apk","appPackage":"com.goibibo","appActivity":"com.goibibo.common.HomeActivity","newCommandTimeout":30,"platformVersion":"5.1","platformName":"Android","deviceName":"Android Device","autoAcceptAlerts":true},"app":"/Users/moniljoshi/Development/Goibibo/app/Goibibo.apk","appPackage":"com.goibibo","appActivity":"com.goibibo.common.HomeActivity","newCommandTimeout":30,"platformVersion":"5.1","platformName":"Android","deviceName":"192.168.56.101:5555","autoAcceptAlerts":true,"deviceUDID":"192.168.56.101:5555","deviceScreenSize":"1440x2560","deviceModel":"Google Nexus 6 - 5.1.0 - API 22 - 1440x2560","deviceManufacturer":"unknown"}
[HTTP] <-- GET /wd/hub/session/e4fd87ed-2d93-4f2b-a67d-e15e2bd4e4e7 200 2 ms - 967 
[HTTP] --> GET /wd/hub/session/e4fd87ed-2d93-4f2b-a67d-e15e2bd4e4e7 {}
[debug] [MJSONWP] Calling AppiumDriver.getSession() with args: ["e4fd87ed-2d93-4f2b-a67d-e15e2bd4e4e7"]
[debug] [MJSONWP] Responding to client with driver.getSession() result: {"platform":"LINUX","webStorageEnabled":false,"takesScreenshot":true,"javascriptEnabled":true,"databaseEnabled":false,"networkConnectionEnabled":true,"locationContextEnabled":false,"warnings":{},"desired":{"app":"/Users/moniljoshi/Development/Goibibo/app/Goibibo.apk","appPackage":"com.goibibo","appActivity":"com.goibibo.common.HomeActivity","newCommandTimeout":30,"platformVersion":"5.1","platformName":"Android","deviceName":"Android Device","autoAcceptAlerts":true},"app":"/Users/moniljoshi/Development/Goibibo/app/Goibibo.apk","appPackage":"com.goibibo","appActivity":"com.goibibo.common.HomeActivity","newCommandTimeout":30,"platformVersion":"5.1","platformName":"Android","deviceName":"192.168.56.101:5555","autoAcceptAlerts":true,"deviceUDID":"192.168.56.101:5555","deviceScreenSize":"1440x2560","deviceModel":"Google Nexus 6 - 5.1.0 - API 22 - 1440x2560","deviceManufacturer":"unknown"}
[HTTP] <-- GET /wd/hub/session/e4fd87ed-2d93-4f2b-a67d-e15e2bd4e4e7 200 4 ms - 967 
[HTTP] --> GET /wd/hub/session/e4fd87ed-2d93-4f2b-a67d-e15e2bd4e4e7 {}
[debug] [MJSONWP] Calling AppiumDriver.getSession() with args: ["e4fd87ed-2d93-4f2b-a67d-e15e2bd4e4e7"]
[debug] [MJSONWP] Responding to client with driver.getSession() result: {"platform":"LINUX","webStorageEnabled":false,"takesScreenshot":true,"javascriptEnabled":true,"databaseEnabled":false,"networkConnectionEnabled":true,"locationContextEnabled":false,"warnings":{},"desired":{"app":"/Users/moniljoshi/Development/Goibibo/app/Goibibo.apk","appPackage":"com.goibibo","appActivity":"com.goibibo.common.HomeActivity","newCommandTimeout":30,"platformVersion":"5.1","platformName":"Android","deviceName":"Android Device","autoAcceptAlerts":true},"app":"/Users/moniljoshi/Development/Goibibo/app/Goibibo.apk","appPackage":"com.goibibo","appActivity":"com.goibibo.common.HomeActivity","newCommandTimeout":30,"platformVersion":"5.1","platformName":"Android","deviceName":"192.168.56.101:5555","autoAcceptAlerts":true,"deviceUDID":"192.168.56.101:5555","deviceScreenSize":"1440x2560","deviceModel":"Google Nexus 6 - 5.1.0 - API 22 - 1440x2560","deviceManufacturer":"unknown"}
[HTTP] <-- GET /wd/hub/session/e4fd87ed-2d93-4f2b-a67d-e15e2bd4e4e7 200 2 ms - 967 
[HTTP] --> GET /wd/hub/session/e4fd87ed-2d93-4f2b-a67d-e15e2bd4e4e7 {}
[debug] [MJSONWP] Calling AppiumDriver.getSession() with args: ["e4fd87ed-2d93-4f2b-a67d-e15e2bd4e4e7"]
[debug] [MJSONWP] Responding to client with driver.getSession() result: {"platform":"LINUX","webStorageEnabled":false,"takesScreenshot":true,"javascriptEnabled":true,"databaseEnabled":false,"networkConnectionEnabled":true,"locationContextEnabled":false,"warnings":{},"desired":{"app":"/Users/moniljoshi/Development/Goibibo/app/Goibibo.apk","appPackage":"com.goibibo","appActivity":"com.goibibo.common.HomeActivity","newCommandTimeout":30,"platformVersion":"5.1","platformName":"Android","deviceName":"Android Device","autoAcceptAlerts":true},"app":"/Users/moniljoshi/Development/Goibibo/app/Goibibo.apk","appPackage":"com.goibibo","appActivity":"com.goibibo.common.HomeActivity","newCommandTimeout":30,"platformVersion":"5.1","platformName":"Android","deviceName":"192.168.56.101:5555","autoAcceptAlerts":true,"deviceUDID":"192.168.56.101:5555","deviceScreenSize":"1440x2560","deviceModel":"Google Nexus 6 - 5.1.0 - API 22 - 1440x2560","deviceManufacturer":"unknown"}
[HTTP] <-- GET /wd/hub/session/e4fd87ed-2d93-4f2b-a67d-e15e2bd4e4e7 200 2 ms - 967 
[HTTP] --> POST /wd/hub/session/e4fd87ed-2d93-4f2b-a67d-e15e2bd4e4e7/element/3/click {"id":"3"}
[debug] [MJSONWP] Calling AppiumDriver.click() with args: ["3","e4fd87ed-2d93-4f2b-a67d-e15e2bd4e4e7"]
[debug] [AndroidBootstrap] Sending command to android: {"cmd":"action","action":"element:click","params":{"elementId":"3"}}
[debug] [AndroidBootstrap] [BOOTSTRAP LOG] [debug] Got data from client: {"cmd":"action","action":"element:click","params":{"elementId":"3"}}
[debug] [AndroidBootstrap] [BOOTSTRAP LOG] [debug] Got command of type ACTION
[debug] [AndroidBootstrap] [BOOTSTRAP LOG] [debug] Got command action: click
[debug] [AndroidBootstrap] Received command result from bootstrap
[debug] [MJSONWP] Responding to client with driver.click() result: true
[HTTP] <-- POST /wd/hub/session/e4fd87ed-2d93-4f2b-a67d-e15e2bd4e4e7/element/3/click 200 630 ms - 76 
[debug] [AndroidBootstrap] [BOOTSTRAP LOG] [debug] Returning result: {"status":0,"value":true}
[HTTP] --> POST /wd/hub/session/e4fd87ed-2d93-4f2b-a67d-e15e2bd4e4e7/element {"using":"id","value":"got_it"}
[debug] [MJSONWP] Calling AppiumDriver.findElement() with args: ["id","got_it","e4fd87ed-2d93-4f2b-a67d-e15e2bd4e4e7"]
[debug] [BaseDriver] Valid locator strategies for this request: xpath, id, class name, accessibility id, -android uiautomator
[debug] [BaseDriver] Valid locator strategies for this request: xpath, id, class name, accessibility id, -android uiautomator
[debug] [BaseDriver] Waiting up to 10000 ms for condition
[debug] [AndroidBootstrap] Sending command to android: {"cmd":"action","action":"find","params":{"strategy":"id","selector":"got_it","context":"","multiple":false}}
[debug] [AndroidBootstrap] [BOOTSTRAP LOG] [debug] Got data from client: {"cmd":"action","action":"find","params":{"strategy":"id","selector":"got_it","context":"","multiple":false}}
[debug] [AndroidBootstrap] [BOOTSTRAP LOG] [debug] Got command of type ACTION
[debug] [AndroidBootstrap] [BOOTSTRAP LOG] [debug] Got command action: find
[debug] [AndroidBootstrap] [BOOTSTRAP LOG] [debug] Finding 'got_it' using 'ID' with the contextId: '' multiple: false
[debug] [AndroidBootstrap] [BOOTSTRAP LOG] [debug] Using: UiSelector[INSTANCE=0, RESOURCE_ID=com.goibibo:id/got_it]
[debug] [AndroidBootstrap] Received command result from bootstrap
[debug] [AndroidBootstrap] [BOOTSTRAP LOG] [debug] Returning result: {"status":0,"value":{"ELEMENT":"4"}}
[debug] [MJSONWP] Responding to client with driver.findElement() result: {"ELEMENT":"4"}
[HTTP] <-- POST /wd/hub/session/e4fd87ed-2d93-4f2b-a67d-e15e2bd4e4e7/element 200 1302 ms - 87 
[HTTP] --> GET /wd/hub/session/e4fd87ed-2d93-4f2b-a67d-e15e2bd4e4e7 {}
[debug] [MJSONWP] Calling AppiumDriver.getSession() with args: ["e4fd87ed-2d93-4f2b-a67d-e15e2bd4e4e7"]
[debug] [MJSONWP] Responding to client with driver.getSession() result: {"platform":"LINUX","webStorageEnabled":false,"takesScreenshot":true,"javascriptEnabled":true,"databaseEnabled":false,"networkConnectionEnabled":true,"locationContextEnabled":false,"warnings":{},"desired":{"app":"/Users/moniljoshi/Development/Goibibo/app/Goibibo.apk","appPackage":"com.goibibo","appActivity":"com.goibibo.common.HomeActivity","newCommandTimeout":30,"platformVersion":"5.1","platformName":"Android","deviceName":"Android Device","autoAcceptAlerts":true},"app":"/Users/moniljoshi/Development/Goibibo/app/Goibibo.apk","appPackage":"com.goibibo","appActivity":"com.goibibo.common.HomeActivity","newCommandTimeout":30,"platformVersion":"5.1","platformName":"Android","deviceName":"192.168.56.101:5555","autoAcceptAlerts":true,"deviceUDID":"192.168.56.101:5555","deviceScreenSize":"1440x2560","deviceModel":"Google Nexus 6 - 5.1.0 - API 22 - 1440x2560","deviceManufacturer":"unknown"}
[HTTP] <-- GET /wd/hub/session/e4fd87ed-2d93-4f2b-a67d-e15e2bd4e4e7 200 1 ms - 967 
[HTTP] --> GET /wd/hub/session/e4fd87ed-2d93-4f2b-a67d-e15e2bd4e4e7 {}
[debug] [MJSONWP] Calling AppiumDriver.getSession() with args: ["e4fd87ed-2d93-4f2b-a67d-e15e2bd4e4e7"]
[debug] [MJSONWP] Responding to client with driver.getSession() result: {"platform":"LINUX","webStorageEnabled":false,"takesScreenshot":true,"javascriptEnabled":true,"databaseEnabled":false,"networkConnectionEnabled":true,"locationContextEnabled":false,"warnings":{},"desired":{"app":"/Users/moniljoshi/Development/Goibibo/app/Goibibo.apk","appPackage":"com.goibibo","appActivity":"com.goibibo.common.HomeActivity","newCommandTimeout":30,"platformVersion":"5.1","platformName":"Android","deviceName":"Android Device","autoAcceptAlerts":true},"app":"/Users/moniljoshi/Development/Goibibo/app/Goibibo.apk","appPackage":"com.goibibo","appActivity":"com.goibibo.common.HomeActivity","newCommandTimeout":30,"platformVersion":"5.1","platformName":"Android","deviceName":"192.168.56.101:5555","autoAcceptAlerts":true,"deviceUDID":"192.168.56.101:5555","deviceScreenSize":"1440x2560","deviceModel":"Google Nexus 6 - 5.1.0 - API 22 - 1440x2560","deviceManufacturer":"unknown"}
[HTTP] <-- GET /wd/hub/session/e4fd87ed-2d93-4f2b-a67d-e15e2bd4e4e7 200 2 ms - 967 
[HTTP] --> GET /wd/hub/session/e4fd87ed-2d93-4f2b-a67d-e15e2bd4e4e7 {}
[debug] [MJSONWP] Calling AppiumDriver.getSession() with args: ["e4fd87ed-2d93-4f2b-a67d-e15e2bd4e4e7"]
[debug] [MJSONWP] Responding to client with driver.getSession() result: {"platform":"LINUX","webStorageEnabled":false,"takesScreenshot":true,"javascriptEnabled":true,"databaseEnabled":false,"networkConnectionEnabled":true,"locationContextEnabled":false,"warnings":{},"desired":{"app":"/Users/moniljoshi/Development/Goibibo/app/Goibibo.apk","appPackage":"com.goibibo","appActivity":"com.goibibo.common.HomeActivity","newCommandTimeout":30,"platformVersion":"5.1","platformName":"Android","deviceName":"Android Device","autoAcceptAlerts":true},"app":"/Users/moniljoshi/Development/Goibibo/app/Goibibo.apk","appPackage":"com.goibibo","appActivity":"com.goibibo.common.HomeActivity","newCommandTimeout":30,"platformVersion":"5.1","platformName":"Android","deviceName":"192.168.56.101:5555","autoAcceptAlerts":true,"deviceUDID":"192.168.56.101:5555","deviceScreenSize":"1440x2560","deviceModel":"Google Nexus 6 - 5.1.0 - API 22 - 1440x2560","deviceManufacturer":"unknown"}
[HTTP] <-- GET /wd/hub/session/e4fd87ed-2d93-4f2b-a67d-e15e2bd4e4e7 200 2 ms - 967 
[HTTP] --> GET /wd/hub/session/e4fd87ed-2d93-4f2b-a67d-e15e2bd4e4e7 {}
[debug] [MJSONWP] Calling AppiumDriver.getSession() with args: ["e4fd87ed-2d93-4f2b-a67d-e15e2bd4e4e7"]
[debug] [MJSONWP] Responding to client with driver.getSession() result: {"platform":"LINUX","webStorageEnabled":false,"takesScreenshot":true,"javascriptEnabled":true,"databaseEnabled":false,"networkConnectionEnabled":true,"locationContextEnabled":false,"warnings":{},"desired":{"app":"/Users/moniljoshi/Development/Goibibo/app/Goibibo.apk","appPackage":"com.goibibo","appActivity":"com.goibibo.common.HomeActivity","newCommandTimeout":30,"platformVersion":"5.1","platformName":"Android","deviceName":"Android Device","autoAcceptAlerts":true},"app":"/Users/moniljoshi/Development/Goibibo/app/Goibibo.apk","appPackage":"com.goibibo","appActivity":"com.goibibo.common.HomeActivity","newCommandTimeout":30,"platformVersion":"5.1","platformName":"Android","deviceName":"192.168.56.101:5555","autoAcceptAlerts":true,"deviceUDID":"192.168.56.101:5555","deviceScreenSize":"1440x2560","deviceModel":"Google Nexus 6 - 5.1.0 - API 22 - 1440x2560","deviceManufacturer":"unknown"}
[HTTP] <-- GET /wd/hub/session/e4fd87ed-2d93-4f2b-a67d-e15e2bd4e4e7 200 2 ms - 967 
[HTTP] --> POST /wd/hub/session/e4fd87ed-2d93-4f2b-a67d-e15e2bd4e4e7/element/4/click {"id":"4"}
[debug] [MJSONWP] Calling AppiumDriver.click() with args: ["4","e4fd87ed-2d93-4f2b-a67d-e15e2bd4e4e7"]
[debug] [AndroidBootstrap] Sending command to android: {"cmd":"action","action":"element:click","params":{"elementId":"4"}}
[debug] [AndroidBootstrap] [BOOTSTRAP LOG] [debug] Got data from client: {"cmd":"action","action":"element:click","params":{"elementId":"4"}}
[debug] [AndroidBootstrap] [BOOTSTRAP LOG] [debug] Got command of type ACTION
[debug] [AndroidBootstrap] [BOOTSTRAP LOG] [debug] Got command action: click
[debug] [AndroidBootstrap] [BOOTSTRAP LOG] [debug] Returning result: {"status":0,"value":true}
[debug] [AndroidBootstrap] Received command result from bootstrap
[debug] [MJSONWP] Responding to client with driver.click() result: true
[HTTP] <-- POST /wd/hub/session/e4fd87ed-2d93-4f2b-a67d-e15e2bd4e4e7/element/4/click 200 3126 ms - 76 
[HTTP] --> POST /wd/hub/session/e4fd87ed-2d93-4f2b-a67d-e15e2bd4e4e7/element {"using":"id","value":"bus_origin"}
[debug] [MJSONWP] Calling AppiumDriver.findElement() with args: ["id","bus_origin","e4fd87ed-2d93-4f2b-a67d-e15e2bd4e4e7"]
[debug] [BaseDriver] Valid locator strategies for this request: xpath, id, class name, accessibility id, -android uiautomator
[debug] [BaseDriver] Valid locator strategies for this request: xpath, id, class name, accessibility id, -android uiautomator
[debug] [BaseDriver] Waiting up to 10000 ms for condition
[debug] [AndroidBootstrap] Sending command to android: {"cmd":"action","action":"find","params":{"strategy":"id","selector":"bus_origin","context":"","multiple":false}}
[debug] [AndroidBootstrap] [BOOTSTRAP LOG] [debug] Got data from client: {"cmd":"action","action":"find","params":{"strategy":"id","selector":"bus_origin","context":"","multiple":false}}
[debug] [AndroidBootstrap] [BOOTSTRAP LOG] [debug] Got command of type ACTION
[debug] [AndroidBootstrap] [BOOTSTRAP LOG] [debug] Got command action: find
[debug] [AndroidBootstrap] [BOOTSTRAP LOG] [debug] Finding 'bus_origin' using 'ID' with the contextId: '' multiple: false
[debug] [AndroidBootstrap] [BOOTSTRAP LOG] [debug] Using: UiSelector[INSTANCE=0, RESOURCE_ID=com.goibibo:id/bus_origin]
[debug] [AndroidBootstrap] [BOOTSTRAP LOG] [debug] Returning result: {"status":0,"value":{"ELEMENT":"5"}}
[debug] [AndroidBootstrap] Received command result from bootstrap
[debug] [MJSONWP] Responding to client with driver.findElement() result: {"ELEMENT":"5"}
[HTTP] <-- POST /wd/hub/session/e4fd87ed-2d93-4f2b-a67d-e15e2bd4e4e7/element 200 28 ms - 87 
[HTTP] --> GET /wd/hub/session/e4fd87ed-2d93-4f2b-a67d-e15e2bd4e4e7 {}
[debug] [MJSONWP] Calling AppiumDriver.getSession() with args: ["e4fd87ed-2d93-4f2b-a67d-e15e2bd4e4e7"]
[debug] [MJSONWP] Responding to client with driver.getSession() result: {"platform":"LINUX","webStorageEnabled":false,"takesScreenshot":true,"javascriptEnabled":true,"databaseEnabled":false,"networkConnectionEnabled":true,"locationContextEnabled":false,"warnings":{},"desired":{"app":"/Users/moniljoshi/Development/Goibibo/app/Goibibo.apk","appPackage":"com.goibibo","appActivity":"com.goibibo.common.HomeActivity","newCommandTimeout":30,"platformVersion":"5.1","platformName":"Android","deviceName":"Android Device","autoAcceptAlerts":true},"app":"/Users/moniljoshi/Development/Goibibo/app/Goibibo.apk","appPackage":"com.goibibo","appActivity":"com.goibibo.common.HomeActivity","newCommandTimeout":30,"platformVersion":"5.1","platformName":"Android","deviceName":"192.168.56.101:5555","autoAcceptAlerts":true,"deviceUDID":"192.168.56.101:5555","deviceScreenSize":"1440x2560","deviceModel":"Google Nexus 6 - 5.1.0 - API 22 - 1440x2560","deviceManufacturer":"unknown"}
[HTTP] <-- GET /wd/hub/session/e4fd87ed-2d93-4f2b-a67d-e15e2bd4e4e7 200 2 ms - 967 
[HTTP] --> GET /wd/hub/session/e4fd87ed-2d93-4f2b-a67d-e15e2bd4e4e7 {}
[debug] [MJSONWP] Calling AppiumDriver.getSession() with args: ["e4fd87ed-2d93-4f2b-a67d-e15e2bd4e4e7"]
[debug] [MJSONWP] Responding to client with driver.getSession() result: {"platform":"LINUX","webStorageEnabled":false,"takesScreenshot":true,"javascriptEnabled":true,"databaseEnabled":false,"networkConnectionEnabled":true,"locationContextEnabled":false,"warnings":{},"desired":{"app":"/Users/moniljoshi/Development/Goibibo/app/Goibibo.apk","appPackage":"com.goibibo","appActivity":"com.goibibo.common.HomeActivity","newCommandTimeout":30,"platformVersion":"5.1","platformName":"Android","deviceName":"Android Device","autoAcceptAlerts":true},"app":"/Users/moniljoshi/Development/Goibibo/app/Goibibo.apk","appPackage":"com.goibibo","appActivity":"com.goibibo.common.HomeActivity","newCommandTimeout":30,"platformVersion":"5.1","platformName":"Android","deviceName":"192.168.56.101:5555","autoAcceptAlerts":true,"deviceUDID":"192.168.56.101:5555","deviceScreenSize":"1440x2560","deviceModel":"Google Nexus 6 - 5.1.0 - API 22 - 1440x2560","deviceManufacturer":"unknown"}
[HTTP] <-- GET /wd/hub/session/e4fd87ed-2d93-4f2b-a67d-e15e2bd4e4e7 200 2 ms - 967 
[HTTP] --> GET /wd/hub/session/e4fd87ed-2d93-4f2b-a67d-e15e2bd4e4e7 {}
[debug] [MJSONWP] Calling AppiumDriver.getSession() with args: ["e4fd87ed-2d93-4f2b-a67d-e15e2bd4e4e7"]
[debug] [MJSONWP] Responding to client with driver.getSession() result: {"platform":"LINUX","webStorageEnabled":false,"takesScreenshot":true,"javascriptEnabled":true,"databaseEnabled":false,"networkConnectionEnabled":true,"locationContextEnabled":false,"warnings":{},"desired":{"app":"/Users/moniljoshi/Development/Goibibo/app/Goibibo.apk","appPackage":"com.goibibo","appActivity":"com.goibibo.common.HomeActivity","newCommandTimeout":30,"platformVersion":"5.1","platformName":"Android","deviceName":"Android Device","autoAcceptAlerts":true},"app":"/Users/moniljoshi/Development/Goibibo/app/Goibibo.apk","appPackage":"com.goibibo","appActivity":"com.goibibo.common.HomeActivity","newCommandTimeout":30,"platformVersion":"5.1","platformName":"Android","deviceName":"192.168.56.101:5555","autoAcceptAlerts":true,"deviceUDID":"192.168.56.101:5555","deviceScreenSize":"1440x2560","deviceModel":"Google Nexus 6 - 5.1.0 - API 22 - 1440x2560","deviceManufacturer":"unknown"}
[HTTP] <-- GET /wd/hub/session/e4fd87ed-2d93-4f2b-a67d-e15e2bd4e4e7 200 2 ms - 967 
[HTTP] --> GET /wd/hub/session/e4fd87ed-2d93-4f2b-a67d-e15e2bd4e4e7 {}
[debug] [MJSONWP] Calling AppiumDriver.getSession() with args: ["e4fd87ed-2d93-4f2b-a67d-e15e2bd4e4e7"]
[debug] [MJSONWP] Responding to client with driver.getSession() result: {"platform":"LINUX","webStorageEnabled":false,"takesScreenshot":true,"javascriptEnabled":true,"databaseEnabled":false,"networkConnectionEnabled":true,"locationContextEnabled":false,"warnings":{},"desired":{"app":"/Users/moniljoshi/Development/Goibibo/app/Goibibo.apk","appPackage":"com.goibibo","appActivity":"com.goibibo.common.HomeActivity","newCommandTimeout":30,"platformVersion":"5.1","platformName":"Android","deviceName":"Android Device","autoAcceptAlerts":true},"app":"/Users/moniljoshi/Development/Goibibo/app/Goibibo.apk","appPackage":"com.goibibo","appActivity":"com.goibibo.common.HomeActivity","newCommandTimeout":30,"platformVersion":"5.1","platformName":"Android","deviceName":"192.168.56.101:5555","autoAcceptAlerts":true,"deviceUDID":"192.168.56.101:5555","deviceScreenSize":"1440x2560","deviceModel":"Google Nexus 6 - 5.1.0 - API 22 - 1440x2560","deviceManufacturer":"unknown"}
[HTTP] <-- GET /wd/hub/session/e4fd87ed-2d93-4f2b-a67d-e15e2bd4e4e7 200 4 ms - 967 
[HTTP] --> POST /wd/hub/session/e4fd87ed-2d93-4f2b-a67d-e15e2bd4e4e7/element/5/click {"id":"5"}
[debug] [MJSONWP] Calling AppiumDriver.click() with args: ["5","e4fd87ed-2d93-4f2b-a67d-e15e2bd4e4e7"]
[debug] [AndroidBootstrap] Sending command to android: {"cmd":"action","action":"element:click","params":{"elementId":"5"}}
[debug] [AndroidBootstrap] [BOOTSTRAP LOG] [debug] Got data from client: {"cmd":"action","action":"element:click","params":{"elementId":"5"}}
[debug] [AndroidBootstrap] [BOOTSTRAP LOG] [debug] Got command of type ACTION
[debug] [AndroidBootstrap] [BOOTSTRAP LOG] [debug] Got command action: click
[debug] [AndroidBootstrap] Received command result from bootstrap
[debug] [AndroidBootstrap] [BOOTSTRAP LOG] [debug] Returning result: {"status":0,"value":true}
[debug] [MJSONWP] Responding to client with driver.click() result: true
[HTTP] <-- POST /wd/hub/session/e4fd87ed-2d93-4f2b-a67d-e15e2bd4e4e7/element/5/click 200 872 ms - 76 
[HTTP] --> POST /wd/hub/session/e4fd87ed-2d93-4f2b-a67d-e15e2bd4e4e7/element {"using":"id","value":"search_edit"}
[debug] [MJSONWP] Calling AppiumDriver.findElement() with args: ["id","search_edit","e4fd87ed-2d93-4f2b-a67d-e15e2bd4e4e7"]
[debug] [BaseDriver] Valid locator strategies for this request: xpath, id, class name, accessibility id, -android uiautomator
[debug] [BaseDriver] Valid locator strategies for this request: xpath, id, class name, accessibility id, -android uiautomator
[debug] [BaseDriver] Waiting up to 10000 ms for condition
[debug] [AndroidBootstrap] Sending command to android: {"cmd":"action","action":"find","params":{"strategy":"id","selector":"search_edit","context":"","multiple":false}}
[debug] [AndroidBootstrap] [BOOTSTRAP LOG] [debug] Got data from client: {"cmd":"action","action":"find","params":{"strategy":"id","selector":"search_edit","context":"","multiple":false}}
[debug] [AndroidBootstrap] [BOOTSTRAP LOG] [debug] Got command of type ACTION
[debug] [AndroidBootstrap] [BOOTSTRAP LOG] [debug] Got command action: find
[debug] [AndroidBootstrap] [BOOTSTRAP LOG] [debug] Finding 'search_edit' using 'ID' with the contextId: '' multiple: false
[debug] [AndroidBootstrap] [BOOTSTRAP LOG] [debug] Using: UiSelector[INSTANCE=0, RESOURCE_ID=com.goibibo:id/search_edit]
[debug] [AndroidBootstrap] [BOOTSTRAP LOG] [debug] Returning result: {"status":0,"value":{"ELEMENT":"6"}}
[debug] [AndroidBootstrap] Received command result from bootstrap
[debug] [MJSONWP] Responding to client with driver.findElement() result: {"ELEMENT":"6"}
[HTTP] <-- POST /wd/hub/session/e4fd87ed-2d93-4f2b-a67d-e15e2bd4e4e7/element 200 468 ms - 87 
[HTTP] --> GET /wd/hub/session/e4fd87ed-2d93-4f2b-a67d-e15e2bd4e4e7 {}
[debug] [MJSONWP] Calling AppiumDriver.getSession() with args: ["e4fd87ed-2d93-4f2b-a67d-e15e2bd4e4e7"]
[debug] [MJSONWP] Responding to client with driver.getSession() result: {"platform":"LINUX","webStorageEnabled":false,"takesScreenshot":true,"javascriptEnabled":true,"databaseEnabled":false,"networkConnectionEnabled":true,"locationContextEnabled":false,"warnings":{},"desired":{"app":"/Users/moniljoshi/Development/Goibibo/app/Goibibo.apk","appPackage":"com.goibibo","appActivity":"com.goibibo.common.HomeActivity","newCommandTimeout":30,"platformVersion":"5.1","platformName":"Android","deviceName":"Android Device","autoAcceptAlerts":true},"app":"/Users/moniljoshi/Development/Goibibo/app/Goibibo.apk","appPackage":"com.goibibo","appActivity":"com.goibibo.common.HomeActivity","newCommandTimeout":30,"platformVersion":"5.1","platformName":"Android","deviceName":"192.168.56.101:5555","autoAcceptAlerts":true,"deviceUDID":"192.168.56.101:5555","deviceScreenSize":"1440x2560","deviceModel":"Google Nexus 6 - 5.1.0 - API 22 - 1440x2560","deviceManufacturer":"unknown"}
[HTTP] <-- GET /wd/hub/session/e4fd87ed-2d93-4f2b-a67d-e15e2bd4e4e7 200 1 ms - 967 
[HTTP] --> GET /wd/hub/session/e4fd87ed-2d93-4f2b-a67d-e15e2bd4e4e7 {}
[debug] [MJSONWP] Calling AppiumDriver.getSession() with args: ["e4fd87ed-2d93-4f2b-a67d-e15e2bd4e4e7"]
[debug] [MJSONWP] Responding to client with driver.getSession() result: {"platform":"LINUX","webStorageEnabled":false,"takesScreenshot":true,"javascriptEnabled":true,"databaseEnabled":false,"networkConnectionEnabled":true,"locationContextEnabled":false,"warnings":{},"desired":{"app":"/Users/moniljoshi/Development/Goibibo/app/Goibibo.apk","appPackage":"com.goibibo","appActivity":"com.goibibo.common.HomeActivity","newCommandTimeout":30,"platformVersion":"5.1","platformName":"Android","deviceName":"Android Device","autoAcceptAlerts":true},"app":"/Users/moniljoshi/Development/Goibibo/app/Goibibo.apk","appPackage":"com.goibibo","appActivity":"com.goibibo.common.HomeActivity","newCommandTimeout":30,"platformVersion":"5.1","platformName":"Android","deviceName":"192.168.56.101:5555","autoAcceptAlerts":true,"deviceUDID":"192.168.56.101:5555","deviceScreenSize":"1440x2560","deviceModel":"Google Nexus 6 - 5.1.0 - API 22 - 1440x2560","deviceManufacturer":"unknown"}
[HTTP] <-- GET /wd/hub/session/e4fd87ed-2d93-4f2b-a67d-e15e2bd4e4e7 200 2 ms - 967 
[HTTP] --> GET /wd/hub/session/e4fd87ed-2d93-4f2b-a67d-e15e2bd4e4e7 {}
[debug] [MJSONWP] Calling AppiumDriver.getSession() with args: ["e4fd87ed-2d93-4f2b-a67d-e15e2bd4e4e7"]
[debug] [MJSONWP] Responding to client with driver.getSession() result: {"platform":"LINUX","webStorageEnabled":false,"takesScreenshot":true,"javascriptEnabled":true,"databaseEnabled":false,"networkConnectionEnabled":true,"locationContextEnabled":false,"warnings":{},"desired":{"app":"/Users/moniljoshi/Development/Goibibo/app/Goibibo.apk","appPackage":"com.goibibo","appActivity":"com.goibibo.common.HomeActivity","newCommandTimeout":30,"platformVersion":"5.1","platformName":"Android","deviceName":"Android Device","autoAcceptAlerts":true},"app":"/Users/moniljoshi/Development/Goibibo/app/Goibibo.apk","appPackage":"com.goibibo","appActivity":"com.goibibo.common.HomeActivity","newCommandTimeout":30,"platformVersion":"5.1","platformName":"Android","deviceName":"192.168.56.101:5555","autoAcceptAlerts":true,"deviceUDID":"192.168.56.101:5555","deviceScreenSize":"1440x2560","deviceModel":"Google Nexus 6 - 5.1.0 - API 22 - 1440x2560","deviceManufacturer":"unknown"}
[HTTP] <-- GET /wd/hub/session/e4fd87ed-2d93-4f2b-a67d-e15e2bd4e4e7 200 2 ms - 967 
[HTTP] --> GET /wd/hub/session/e4fd87ed-2d93-4f2b-a67d-e15e2bd4e4e7 {}
[debug] [MJSONWP] Calling AppiumDriver.getSession() with args: ["e4fd87ed-2d93-4f2b-a67d-e15e2bd4e4e7"]
[debug] [MJSONWP] Responding to client with driver.getSession() result: {"platform":"LINUX","webStorageEnabled":false,"takesScreenshot":true,"javascriptEnabled":true,"databaseEnabled":false,"networkConnectionEnabled":true,"locationContextEnabled":false,"warnings":{},"desired":{"app":"/Users/moniljoshi/Development/Goibibo/app/Goibibo.apk","appPackage":"com.goibibo","appActivity":"com.goibibo.common.HomeActivity","newCommandTimeout":30,"platformVersion":"5.1","platformName":"Android","deviceName":"Android Device","autoAcceptAlerts":true},"app":"/Users/moniljoshi/Development/Goibibo/app/Goibibo.apk","appPackage":"com.goibibo","appActivity":"com.goibibo.common.HomeActivity","newCommandTimeout":30,"platformVersion":"5.1","platformName":"Android","deviceName":"192.168.56.101:5555","autoAcceptAlerts":true,"deviceUDID":"192.168.56.101:5555","deviceScreenSize":"1440x2560","deviceModel":"Google Nexus 6 - 5.1.0 - API 22 - 1440x2560","deviceManufacturer":"unknown"}
[HTTP] <-- GET /wd/hub/session/e4fd87ed-2d93-4f2b-a67d-e15e2bd4e4e7 200 2 ms - 967 
[HTTP] --> POST /wd/hub/session/e4fd87ed-2d93-4f2b-a67d-e15e2bd4e4e7/element/6/value {"id":"6","value":["Bangalore"]}
[debug] [MJSONWP] Calling AppiumDriver.setValue() with args: [["Bangalore"],"6","e4fd87ed-2d93-4f2b-a67d-e15e2bd4e4e7"]
[debug] [AndroidBootstrap] Sending command to android: {"cmd":"action","action":"element:setText","params":{"elementId":"6","text":"Bangalore","replace":false}}
[debug] [AndroidBootstrap] [BOOTSTRAP LOG] [debug] Got data from client: {"cmd":"action","action":"element:setText","params":{"elementId":"6","text":"Bangalore","replace":false}}
[debug] [AndroidBootstrap] [BOOTSTRAP LOG] [debug] Got command of type ACTION
[debug] [AndroidBootstrap] [BOOTSTRAP LOG] [debug] Got command action: setText
[debug] [AndroidBootstrap] [BOOTSTRAP LOG] [debug] Using element passed in: 6
[debug] [AndroidBootstrap] [BOOTSTRAP LOG] [debug] Attempting to clear using UiObject.clearText().
[debug] [AndroidBootstrap] [BOOTSTRAP LOG] [debug] Text remains after clearing, but it appears to be hint text.
[debug] [AndroidBootstrap] [BOOTSTRAP LOG] [debug] Text not cleared. Assuming remainder is hint text.
[debug] [AndroidBootstrap] [BOOTSTRAP LOG] [debug] Sending plain text to element: Bangalore
[debug] [AndroidBootstrap] Received command result from bootstrap
[debug] [MJSONWP] Responding to client with driver.setValue() result: true
[HTTP] <-- POST /wd/hub/session/e4fd87ed-2d93-4f2b-a67d-e15e2bd4e4e7/element/6/value 200 4665 ms - 76 
[debug] [AndroidBootstrap] [BOOTSTRAP LOG] [debug] Returning result: {"status":0,"value":true}
[HTTP] --> POST /wd/hub/session/e4fd87ed-2d93-4f2b-a67d-e15e2bd4e4e7/elements {"using":"id","value":"suggested_place"}
[debug] [MJSONWP] Calling AppiumDriver.findElements() with args: ["id","suggested_place","e4fd87ed-2d93-4f2b-a67d-e15e2bd4e4e7"]
[debug] [BaseDriver] Valid locator strategies for this request: xpath, id, class name, accessibility id, -android uiautomator
[debug] [BaseDriver] Valid locator strategies for this request: xpath, id, class name, accessibility id, -android uiautomator
[debug] [BaseDriver] Waiting up to 10000 ms for condition
[debug] [AndroidBootstrap] Sending command to android: {"cmd":"action","action":"find","params":{"strategy":"id","selector":"suggested_place","context":"","multiple":true}}
[debug] [AndroidBootstrap] [BOOTSTRAP LOG] [debug] Got data from client: {"cmd":"action","action":"find","params":{"strategy":"id","selector":"suggested_place","context":"","multiple":true}}
[debug] [AndroidBootstrap] [BOOTSTRAP LOG] [debug] Got command of type ACTION
[debug] [AndroidBootstrap] [BOOTSTRAP LOG] [debug] Got command action: find
[debug] [AndroidBootstrap] [BOOTSTRAP LOG] [debug] Finding 'suggested_place' using 'ID' with the contextId: '' multiple: true
[debug] [AndroidBootstrap] [BOOTSTRAP LOG] [debug] Using: UiSelector[RESOURCE_ID=com.goibibo:id/suggested_place]
[debug] [AndroidBootstrap] [BOOTSTRAP LOG] [debug] getElements selector:UiSelector[RESOURCE_ID=com.goibibo:id/suggested_place]
[debug] [AndroidBootstrap] [BOOTSTRAP LOG] [debug] Element[] is null: (0)
[debug] [AndroidBootstrap] [BOOTSTRAP LOG] [debug] getElements tmp selector:UiSelector[INSTANCE=0, RESOURCE_ID=com.goibibo:id/suggested_place]
[debug] [AndroidBootstrap] [BOOTSTRAP LOG] [debug] Element[] is null: (1)
[debug] [AndroidBootstrap] [BOOTSTRAP LOG] [debug] getElements tmp selector:UiSelector[INSTANCE=1, RESOURCE_ID=com.goibibo:id/suggested_place]
[debug] [AndroidBootstrap] [BOOTSTRAP LOG] [debug] Element[] is null: (2)
[debug] [AndroidBootstrap] [BOOTSTRAP LOG] [debug] getElements tmp selector:UiSelector[INSTANCE=2, RESOURCE_ID=com.goibibo:id/suggested_place]
[debug] [AndroidBootstrap] [BOOTSTRAP LOG] [debug] Element[] is null: (3)
[debug] [AndroidBootstrap] [BOOTSTRAP LOG] [debug] getElements tmp selector:UiSelector[INSTANCE=3, RESOURCE_ID=com.goibibo:id/suggested_place]
[debug] [AndroidBootstrap] [BOOTSTRAP LOG] [debug] Using: UiSelector[RESOURCE_ID=android:id/suggested_place]
[debug] [AndroidBootstrap] [BOOTSTRAP LOG] [debug] getElements selector:UiSelector[RESOURCE_ID=android:id/suggested_place]
[debug] [AndroidBootstrap] [BOOTSTRAP LOG] [debug] Element[] is null: (0)
[debug] [AndroidBootstrap] [BOOTSTRAP LOG] [debug] getElements tmp selector:UiSelector[INSTANCE=0, RESOURCE_ID=android:id/suggested_place]
[debug] [AndroidBootstrap] [BOOTSTRAP LOG] [debug] Using: UiSelector[RESOURCE_ID=suggested_place]
[debug] [AndroidBootstrap] [BOOTSTRAP LOG] [debug] getElements selector:UiSelector[RESOURCE_ID=suggested_place]
[debug] [AndroidBootstrap] [BOOTSTRAP LOG] [debug] Element[] is null: (0)
[debug] [AndroidBootstrap] [BOOTSTRAP LOG] [debug] getElements tmp selector:UiSelector[INSTANCE=0, RESOURCE_ID=suggested_place]
[debug] [AndroidBootstrap] [BOOTSTRAP LOG] [debug] Using: UiSelector[DESCRIPTION=suggested_place]
[debug] [AndroidBootstrap] [BOOTSTRAP LOG] [debug] getElements selector:UiSelector[DESCRIPTION=suggested_place]
[debug] [AndroidBootstrap] [BOOTSTRAP LOG] [debug] Element[] is null: (0)
[debug] [AndroidBootstrap] [BOOTSTRAP LOG] [debug] getElements tmp selector:UiSelector[DESCRIPTION=suggested_place, INSTANCE=0]
[debug] [AndroidBootstrap] [BOOTSTRAP LOG] [debug] Returning result: {"status":0,"value":[{"ELEMENT":"7"},{"ELEMENT":"8"},{"ELEMENT":"9"}]}
[debug] [AndroidBootstrap] Received command result from bootstrap
[debug] [MJSONWP] Responding to client with driver.findElements() result: [{"ELEMENT":"7"},{"ELEMENT":"8"},{"ELEMENT":"9"}]
[HTTP] <-- POST /wd/hub/session/e4fd87ed-2d93-4f2b-a67d-e15e2bd4e4e7/elements 200 1354 ms - 121 
[HTTP] --> GET /wd/hub/session/e4fd87ed-2d93-4f2b-a67d-e15e2bd4e4e7 {}
[debug] [MJSONWP] Calling AppiumDriver.getSession() with args: ["e4fd87ed-2d93-4f2b-a67d-e15e2bd4e4e7"]
[debug] [MJSONWP] Responding to client with driver.getSession() result: {"platform":"LINUX","webStorageEnabled":false,"takesScreenshot":true,"javascriptEnabled":true,"databaseEnabled":false,"networkConnectionEnabled":true,"locationContextEnabled":false,"warnings":{},"desired":{"app":"/Users/moniljoshi/Development/Goibibo/app/Goibibo.apk","appPackage":"com.goibibo","appActivity":"com.goibibo.common.HomeActivity","newCommandTimeout":30,"platformVersion":"5.1","platformName":"Android","deviceName":"Android Device","autoAcceptAlerts":true},"app":"/Users/moniljoshi/Development/Goibibo/app/Goibibo.apk","appPackage":"com.goibibo","appActivity":"com.goibibo.common.HomeActivity","newCommandTimeout":30,"platformVersion":"5.1","platformName":"Android","deviceName":"192.168.56.101:5555","autoAcceptAlerts":true,"deviceUDID":"192.168.56.101:5555","deviceScreenSize":"1440x2560","deviceModel":"Google Nexus 6 - 5.1.0 - API 22 - 1440x2560","deviceManufacturer":"unknown"}
[HTTP] <-- GET /wd/hub/session/e4fd87ed-2d93-4f2b-a67d-e15e2bd4e4e7 200 2 ms - 967 
[HTTP] --> GET /wd/hub/session/e4fd87ed-2d93-4f2b-a67d-e15e2bd4e4e7 {}
[debug] [MJSONWP] Calling AppiumDriver.getSession() with args: ["e4fd87ed-2d93-4f2b-a67d-e15e2bd4e4e7"]
[debug] [MJSONWP] Responding to client with driver.getSession() result: {"platform":"LINUX","webStorageEnabled":false,"takesScreenshot":true,"javascriptEnabled":true,"databaseEnabled":false,"networkConnectionEnabled":true,"locationContextEnabled":false,"warnings":{},"desired":{"app":"/Users/moniljoshi/Development/Goibibo/app/Goibibo.apk","appPackage":"com.goibibo","appActivity":"com.goibibo.common.HomeActivity","newCommandTimeout":30,"platformVersion":"5.1","platformName":"Android","deviceName":"Android Device","autoAcceptAlerts":true},"app":"/Users/moniljoshi/Development/Goibibo/app/Goibibo.apk","appPackage":"com.goibibo","appActivity":"com.goibibo.common.HomeActivity","newCommandTimeout":30,"platformVersion":"5.1","platformName":"Android","deviceName":"192.168.56.101:5555","autoAcceptAlerts":true,"deviceUDID":"192.168.56.101:5555","deviceScreenSize":"1440x2560","deviceModel":"Google Nexus 6 - 5.1.0 - API 22 - 1440x2560","deviceManufacturer":"unknown"}
[HTTP] <-- GET /wd/hub/session/e4fd87ed-2d93-4f2b-a67d-e15e2bd4e4e7 200 2 ms - 967 
[HTTP] --> GET /wd/hub/session/e4fd87ed-2d93-4f2b-a67d-e15e2bd4e4e7 {}
[debug] [MJSONWP] Calling AppiumDriver.getSession() with args: ["e4fd87ed-2d93-4f2b-a67d-e15e2bd4e4e7"]
[debug] [MJSONWP] Responding to client with driver.getSession() result: {"platform":"LINUX","webStorageEnabled":false,"takesScreenshot":true,"javascriptEnabled":true,"databaseEnabled":false,"networkConnectionEnabled":true,"locationContextEnabled":false,"warnings":{},"desired":{"app":"/Users/moniljoshi/Development/Goibibo/app/Goibibo.apk","appPackage":"com.goibibo","appActivity":"com.goibibo.common.HomeActivity","newCommandTimeout":30,"platformVersion":"5.1","platformName":"Android","deviceName":"Android Device","autoAcceptAlerts":true},"app":"/Users/moniljoshi/Development/Goibibo/app/Goibibo.apk","appPackage":"com.goibibo","appActivity":"com.goibibo.common.HomeActivity","newCommandTimeout":30,"platformVersion":"5.1","platformName":"Android","deviceName":"192.168.56.101:5555","autoAcceptAlerts":true,"deviceUDID":"192.168.56.101:5555","deviceScreenSize":"1440x2560","deviceModel":"Google Nexus 6 - 5.1.0 - API 22 - 1440x2560","deviceManufacturer":"unknown"}
[HTTP] <-- GET /wd/hub/session/e4fd87ed-2d93-4f2b-a67d-e15e2bd4e4e7 200 4 ms - 967 
[HTTP] --> GET /wd/hub/session/e4fd87ed-2d93-4f2b-a67d-e15e2bd4e4e7 {}
[debug] [MJSONWP] Calling AppiumDriver.getSession() with args: ["e4fd87ed-2d93-4f2b-a67d-e15e2bd4e4e7"]
[debug] [MJSONWP] Responding to client with driver.getSession() result: {"platform":"LINUX","webStorageEnabled":false,"takesScreenshot":true,"javascriptEnabled":true,"databaseEnabled":false,"networkConnectionEnabled":true,"locationContextEnabled":false,"warnings":{},"desired":{"app":"/Users/moniljoshi/Development/Goibibo/app/Goibibo.apk","appPackage":"com.goibibo","appActivity":"com.goibibo.common.HomeActivity","newCommandTimeout":30,"platformVersion":"5.1","platformName":"Android","deviceName":"Android Device","autoAcceptAlerts":true},"app":"/Users/moniljoshi/Development/Goibibo/app/Goibibo.apk","appPackage":"com.goibibo","appActivity":"com.goibibo.common.HomeActivity","newCommandTimeout":30,"platformVersion":"5.1","platformName":"Android","deviceName":"192.168.56.101:5555","autoAcceptAlerts":true,"deviceUDID":"192.168.56.101:5555","deviceScreenSize":"1440x2560","deviceModel":"Google Nexus 6 - 5.1.0 - API 22 - 1440x2560","deviceManufacturer":"unknown"}
[HTTP] <-- GET /wd/hub/session/e4fd87ed-2d93-4f2b-a67d-e15e2bd4e4e7 200 3 ms - 967 
[HTTP] --> GET /wd/hub/session/e4fd87ed-2d93-4f2b-a67d-e15e2bd4e4e7 {}
[debug] [MJSONWP] Calling AppiumDriver.getSession() with args: ["e4fd87ed-2d93-4f2b-a67d-e15e2bd4e4e7"]
[debug] [MJSONWP] Responding to client with driver.getSession() result: {"platform":"LINUX","webStorageEnabled":false,"takesScreenshot":true,"javascriptEnabled":true,"databaseEnabled":false,"networkConnectionEnabled":true,"locationContextEnabled":false,"warnings":{},"desired":{"app":"/Users/moniljoshi/Development/Goibibo/app/Goibibo.apk","appPackage":"com.goibibo","appActivity":"com.goibibo.common.HomeActivity","newCommandTimeout":30,"platformVersion":"5.1","platformName":"Android","deviceName":"Android Device","autoAcceptAlerts":true},"app":"/Users/moniljoshi/Development/Goibibo/app/Goibibo.apk","appPackage":"com.goibibo","appActivity":"com.goibibo.common.HomeActivity","newCommandTimeout":30,"platformVersion":"5.1","platformName":"Android","deviceName":"192.168.56.101:5555","autoAcceptAlerts":true,"deviceUDID":"192.168.56.101:5555","deviceScreenSize":"1440x2560","deviceModel":"Google Nexus 6 - 5.1.0 - API 22 - 1440x2560","deviceManufacturer":"unknown"}
[HTTP] <-- GET /wd/hub/session/e4fd87ed-2d93-4f2b-a67d-e15e2bd4e4e7 200 2 ms - 967 
[HTTP] --> GET /wd/hub/session/e4fd87ed-2d93-4f2b-a67d-e15e2bd4e4e7 {}
[debug] [MJSONWP] Calling AppiumDriver.getSession() with args: ["e4fd87ed-2d93-4f2b-a67d-e15e2bd4e4e7"]
[debug] [MJSONWP] Responding to client with driver.getSession() result: {"platform":"LINUX","webStorageEnabled":false,"takesScreenshot":true,"javascriptEnabled":true,"databaseEnabled":false,"networkConnectionEnabled":true,"locationContextEnabled":false,"warnings":{},"desired":{"app":"/Users/moniljoshi/Development/Goibibo/app/Goibibo.apk","appPackage":"com.goibibo","appActivity":"com.goibibo.common.HomeActivity","newCommandTimeout":30,"platformVersion":"5.1","platformName":"Android","deviceName":"Android Device","autoAcceptAlerts":true},"app":"/Users/moniljoshi/Development/Goibibo/app/Goibibo.apk","appPackage":"com.goibibo","appActivity":"com.goibibo.common.HomeActivity","newCommandTimeout":30,"platformVersion":"5.1","platformName":"Android","deviceName":"192.168.56.101:5555","autoAcceptAlerts":true,"deviceUDID":"192.168.56.101:5555","deviceScreenSize":"1440x2560","deviceModel":"Google Nexus 6 - 5.1.0 - API 22 - 1440x2560","deviceManufacturer":"unknown"}
[HTTP] <-- GET /wd/hub/session/e4fd87ed-2d93-4f2b-a67d-e15e2bd4e4e7 200 4 ms - 967 
[HTTP] --> GET /wd/hub/session/e4fd87ed-2d93-4f2b-a67d-e15e2bd4e4e7 {}
[debug] [MJSONWP] Calling AppiumDriver.getSession() with args: ["e4fd87ed-2d93-4f2b-a67d-e15e2bd4e4e7"]
[debug] [MJSONWP] Responding to client with driver.getSession() result: {"platform":"LINUX","webStorageEnabled":false,"takesScreenshot":true,"javascriptEnabled":true,"databaseEnabled":false,"networkConnectionEnabled":true,"locationContextEnabled":false,"warnings":{},"desired":{"app":"/Users/moniljoshi/Development/Goibibo/app/Goibibo.apk","appPackage":"com.goibibo","appActivity":"com.goibibo.common.HomeActivity","newCommandTimeout":30,"platformVersion":"5.1","platformName":"Android","deviceName":"Android Device","autoAcceptAlerts":true},"app":"/Users/moniljoshi/Development/Goibibo/app/Goibibo.apk","appPackage":"com.goibibo","appActivity":"com.goibibo.common.HomeActivity","newCommandTimeout":30,"platformVersion":"5.1","platformName":"Android","deviceName":"192.168.56.101:5555","autoAcceptAlerts":true,"deviceUDID":"192.168.56.101:5555","deviceScreenSize":"1440x2560","deviceModel":"Google Nexus 6 - 5.1.0 - API 22 - 1440x2560","deviceManufacturer":"unknown"}
[HTTP] <-- GET /wd/hub/session/e4fd87ed-2d93-4f2b-a67d-e15e2bd4e4e7 200 3 ms - 967 
[HTTP] --> GET /wd/hub/session/e4fd87ed-2d93-4f2b-a67d-e15e2bd4e4e7 {}
[debug] [MJSONWP] Calling AppiumDriver.getSession() with args: ["e4fd87ed-2d93-4f2b-a67d-e15e2bd4e4e7"]
[debug] [MJSONWP] Responding to client with driver.getSession() result: {"platform":"LINUX","webStorageEnabled":false,"takesScreenshot":true,"javascriptEnabled":true,"databaseEnabled":false,"networkConnectionEnabled":true,"locationContextEnabled":false,"warnings":{},"desired":{"app":"/Users/moniljoshi/Development/Goibibo/app/Goibibo.apk","appPackage":"com.goibibo","appActivity":"com.goibibo.common.HomeActivity","newCommandTimeout":30,"platformVersion":"5.1","platformName":"Android","deviceName":"Android Device","autoAcceptAlerts":true},"app":"/Users/moniljoshi/Development/Goibibo/app/Goibibo.apk","appPackage":"com.goibibo","appActivity":"com.goibibo.common.HomeActivity","newCommandTimeout":30,"platformVersion":"5.1","platformName":"Android","deviceName":"192.168.56.101:5555","autoAcceptAlerts":true,"deviceUDID":"192.168.56.101:5555","deviceScreenSize":"1440x2560","deviceModel":"Google Nexus 6 - 5.1.0 - API 22 - 1440x2560","deviceManufacturer":"unknown"}
[HTTP] <-- GET /wd/hub/session/e4fd87ed-2d93-4f2b-a67d-e15e2bd4e4e7 200 4 ms - 967 
[HTTP] --> GET /wd/hub/session/e4fd87ed-2d93-4f2b-a67d-e15e2bd4e4e7 {}
[debug] [MJSONWP] Calling AppiumDriver.getSession() with args: ["e4fd87ed-2d93-4f2b-a67d-e15e2bd4e4e7"]
[debug] [MJSONWP] Responding to client with driver.getSession() result: {"platform":"LINUX","webStorageEnabled":false,"takesScreenshot":true,"javascriptEnabled":true,"databaseEnabled":false,"networkConnectionEnabled":true,"locationContextEnabled":false,"warnings":{},"desired":{"app":"/Users/moniljoshi/Development/Goibibo/app/Goibibo.apk","appPackage":"com.goibibo","appActivity":"com.goibibo.common.HomeActivity","newCommandTimeout":30,"platformVersion":"5.1","platformName":"Android","deviceName":"Android Device","autoAcceptAlerts":true},"app":"/Users/moniljoshi/Development/Goibibo/app/Goibibo.apk","appPackage":"com.goibibo","appActivity":"com.goibibo.common.HomeActivity","newCommandTimeout":30,"platformVersion":"5.1","platformName":"Android","deviceName":"192.168.56.101:5555","autoAcceptAlerts":true,"deviceUDID":"192.168.56.101:5555","deviceScreenSize":"1440x2560","deviceModel":"Google Nexus 6 - 5.1.0 - API 22 - 1440x2560","deviceManufacturer":"unknown"}
[HTTP] <-- GET /wd/hub/session/e4fd87ed-2d93-4f2b-a67d-e15e2bd4e4e7 200 2 ms - 967 
[HTTP] --> GET /wd/hub/session/e4fd87ed-2d93-4f2b-a67d-e15e2bd4e4e7 {}
[debug] [MJSONWP] Calling AppiumDriver.getSession() with args: ["e4fd87ed-2d93-4f2b-a67d-e15e2bd4e4e7"]
[debug] [MJSONWP] Responding to client with driver.getSession() result: {"platform":"LINUX","webStorageEnabled":false,"takesScreenshot":true,"javascriptEnabled":true,"databaseEnabled":false,"networkConnectionEnabled":true,"locationContextEnabled":false,"warnings":{},"desired":{"app":"/Users/moniljoshi/Development/Goibibo/app/Goibibo.apk","appPackage":"com.goibibo","appActivity":"com.goibibo.common.HomeActivity","newCommandTimeout":30,"platformVersion":"5.1","platformName":"Android","deviceName":"Android Device","autoAcceptAlerts":true},"app":"/Users/moniljoshi/Development/Goibibo/app/Goibibo.apk","appPackage":"com.goibibo","appActivity":"com.goibibo.common.HomeActivity","newCommandTimeout":30,"platformVersion":"5.1","platformName":"Android","deviceName":"192.168.56.101:5555","autoAcceptAlerts":true,"deviceUDID":"192.168.56.101:5555","deviceScreenSize":"1440x2560","deviceModel":"Google Nexus 6 - 5.1.0 - API 22 - 1440x2560","deviceManufacturer":"unknown"}
[HTTP] <-- GET /wd/hub/session/e4fd87ed-2d93-4f2b-a67d-e15e2bd4e4e7 200 2 ms - 967 
[HTTP] --> GET /wd/hub/session/e4fd87ed-2d93-4f2b-a67d-e15e2bd4e4e7 {}
[debug] [MJSONWP] Calling AppiumDriver.getSession() with args: ["e4fd87ed-2d93-4f2b-a67d-e15e2bd4e4e7"]
[debug] [MJSONWP] Responding to client with driver.getSession() result: {"platform":"LINUX","webStorageEnabled":false,"takesScreenshot":true,"javascriptEnabled":true,"databaseEnabled":false,"networkConnectionEnabled":true,"locationContextEnabled":false,"warnings":{},"desired":{"app":"/Users/moniljoshi/Development/Goibibo/app/Goibibo.apk","appPackage":"com.goibibo","appActivity":"com.goibibo.common.HomeActivity","newCommandTimeout":30,"platformVersion":"5.1","platformName":"Android","deviceName":"Android Device","autoAcceptAlerts":true},"app":"/Users/moniljoshi/Development/Goibibo/app/Goibibo.apk","appPackage":"com.goibibo","appActivity":"com.goibibo.common.HomeActivity","newCommandTimeout":30,"platformVersion":"5.1","platformName":"Android","deviceName":"192.168.56.101:5555","autoAcceptAlerts":true,"deviceUDID":"192.168.56.101:5555","deviceScreenSize":"1440x2560","deviceModel":"Google Nexus 6 - 5.1.0 - API 22 - 1440x2560","deviceManufacturer":"unknown"}
[HTTP] <-- GET /wd/hub/session/e4fd87ed-2d93-4f2b-a67d-e15e2bd4e4e7 200 2 ms - 967 
[HTTP] --> GET /wd/hub/session/e4fd87ed-2d93-4f2b-a67d-e15e2bd4e4e7 {}
[debug] [MJSONWP] Calling AppiumDriver.getSession() with args: ["e4fd87ed-2d93-4f2b-a67d-e15e2bd4e4e7"]
[debug] [MJSONWP] Responding to client with driver.getSession() result: {"platform":"LINUX","webStorageEnabled":false,"takesScreenshot":true,"javascriptEnabled":true,"databaseEnabled":false,"networkConnectionEnabled":true,"locationContextEnabled":false,"warnings":{},"desired":{"app":"/Users/moniljoshi/Development/Goibibo/app/Goibibo.apk","appPackage":"com.goibibo","appActivity":"com.goibibo.common.HomeActivity","newCommandTimeout":30,"platformVersion":"5.1","platformName":"Android","deviceName":"Android Device","autoAcceptAlerts":true},"app":"/Users/moniljoshi/Development/Goibibo/app/Goibibo.apk","appPackage":"com.goibibo","appActivity":"com.goibibo.common.HomeActivity","newCommandTimeout":30,"platformVersion":"5.1","platformName":"Android","deviceName":"192.168.56.101:5555","autoAcceptAlerts":true,"deviceUDID":"192.168.56.101:5555","deviceScreenSize":"1440x2560","deviceModel":"Google Nexus 6 - 5.1.0 - API 22 - 1440x2560","deviceManufacturer":"unknown"}
[HTTP] <-- GET /wd/hub/session/e4fd87ed-2d93-4f2b-a67d-e15e2bd4e4e7 200 2 ms - 967 
[HTTP] --> POST /wd/hub/session/e4fd87ed-2d93-4f2b-a67d-e15e2bd4e4e7/element/7/click {"id":"7"}
[debug] [MJSONWP] Calling AppiumDriver.click() with args: ["7","e4fd87ed-2d93-4f2b-a67d-e15e2bd4e4e7"]
[debug] [AndroidBootstrap] Sending command to android: {"cmd":"action","action":"element:click","params":{"elementId":"7"}}
[debug] [AndroidBootstrap] [BOOTSTRAP LOG] [debug] Got data from client: {"cmd":"action","action":"element:click","params":{"elementId":"7"}}
[debug] [AndroidBootstrap] [BOOTSTRAP LOG] [debug] Got command of type ACTION
[debug] [AndroidBootstrap] [BOOTSTRAP LOG] [debug] Got command action: click
[debug] [AndroidBootstrap] [BOOTSTRAP LOG] [debug] Returning result: {"status":0,"value":true}
[debug] [AndroidBootstrap] Received command result from bootstrap
[debug] [MJSONWP] Responding to client with driver.click() result: true
[HTTP] <-- POST /wd/hub/session/e4fd87ed-2d93-4f2b-a67d-e15e2bd4e4e7/element/7/click 200 3161 ms - 76 
[HTTP] --> POST /wd/hub/session/e4fd87ed-2d93-4f2b-a67d-e15e2bd4e4e7/element {"using":"id","value":"bus_dest"}
[debug] [MJSONWP] Calling AppiumDriver.findElement() with args: ["id","bus_dest","e4fd87ed-2d93-4f2b-a67d-e15e2bd4e4e7"]
[debug] [BaseDriver] Valid locator strategies for this request: xpath, id, class name, accessibility id, -android uiautomator
[debug] [BaseDriver] Valid locator strategies for this request: xpath, id, class name, accessibility id, -android uiautomator
[debug] [BaseDriver] Waiting up to 10000 ms for condition
[debug] [AndroidBootstrap] Sending command to android: {"cmd":"action","action":"find","params":{"strategy":"id","selector":"bus_dest","context":"","multiple":false}}
[debug] [AndroidBootstrap] [BOOTSTRAP LOG] [debug] Got data from client: {"cmd":"action","action":"find","params":{"strategy":"id","selector":"bus_dest","context":"","multiple":false}}
[debug] [AndroidBootstrap] [BOOTSTRAP LOG] [debug] Got command of type ACTION
[debug] [AndroidBootstrap] [BOOTSTRAP LOG] [debug] Got command action: find
[debug] [AndroidBootstrap] [BOOTSTRAP LOG] [debug] Finding 'bus_dest' using 'ID' with the contextId: '' multiple: false
[debug] [AndroidBootstrap] [BOOTSTRAP LOG] [debug] Using: UiSelector[INSTANCE=0, RESOURCE_ID=com.goibibo:id/bus_dest]
[debug] [AndroidBootstrap] Received command result from bootstrap
[debug] [AndroidBootstrap] [BOOTSTRAP LOG] [debug] Returning result: {"status":0,"value":{"ELEMENT":"10"}}
[debug] [MJSONWP] Responding to client with driver.findElement() result: {"ELEMENT":"10"}
[HTTP] <-- POST /wd/hub/session/e4fd87ed-2d93-4f2b-a67d-e15e2bd4e4e7/element 200 22 ms - 88 
[HTTP] --> GET /wd/hub/session/e4fd87ed-2d93-4f2b-a67d-e15e2bd4e4e7 {}
[debug] [MJSONWP] Calling AppiumDriver.getSession() with args: ["e4fd87ed-2d93-4f2b-a67d-e15e2bd4e4e7"]
[debug] [MJSONWP] Responding to client with driver.getSession() result: {"platform":"LINUX","webStorageEnabled":false,"takesScreenshot":true,"javascriptEnabled":true,"databaseEnabled":false,"networkConnectionEnabled":true,"locationContextEnabled":false,"warnings":{},"desired":{"app":"/Users/moniljoshi/Development/Goibibo/app/Goibibo.apk","appPackage":"com.goibibo","appActivity":"com.goibibo.common.HomeActivity","newCommandTimeout":30,"platformVersion":"5.1","platformName":"Android","deviceName":"Android Device","autoAcceptAlerts":true},"app":"/Users/moniljoshi/Development/Goibibo/app/Goibibo.apk","appPackage":"com.goibibo","appActivity":"com.goibibo.common.HomeActivity","newCommandTimeout":30,"platformVersion":"5.1","platformName":"Android","deviceName":"192.168.56.101:5555","autoAcceptAlerts":true,"deviceUDID":"192.168.56.101:5555","deviceScreenSize":"1440x2560","deviceModel":"Google Nexus 6 - 5.1.0 - API 22 - 1440x2560","deviceManufacturer":"unknown"}
[HTTP] <-- GET /wd/hub/session/e4fd87ed-2d93-4f2b-a67d-e15e2bd4e4e7 200 2 ms - 967 
[HTTP] --> GET /wd/hub/session/e4fd87ed-2d93-4f2b-a67d-e15e2bd4e4e7 {}
[debug] [MJSONWP] Calling AppiumDriver.getSession() with args: ["e4fd87ed-2d93-4f2b-a67d-e15e2bd4e4e7"]
[debug] [MJSONWP] Responding to client with driver.getSession() result: {"platform":"LINUX","webStorageEnabled":false,"takesScreenshot":true,"javascriptEnabled":true,"databaseEnabled":false,"networkConnectionEnabled":true,"locationContextEnabled":false,"warnings":{},"desired":{"app":"/Users/moniljoshi/Development/Goibibo/app/Goibibo.apk","appPackage":"com.goibibo","appActivity":"com.goibibo.common.HomeActivity","newCommandTimeout":30,"platformVersion":"5.1","platformName":"Android","deviceName":"Android Device","autoAcceptAlerts":true},"app":"/Users/moniljoshi/Development/Goibibo/app/Goibibo.apk","appPackage":"com.goibibo","appActivity":"com.goibibo.common.HomeActivity","newCommandTimeout":30,"platformVersion":"5.1","platformName":"Android","deviceName":"192.168.56.101:5555","autoAcceptAlerts":true,"deviceUDID":"192.168.56.101:5555","deviceScreenSize":"1440x2560","deviceModel":"Google Nexus 6 - 5.1.0 - API 22 - 1440x2560","deviceManufacturer":"unknown"}
[HTTP] <-- GET /wd/hub/session/e4fd87ed-2d93-4f2b-a67d-e15e2bd4e4e7 200 2 ms - 967 
[HTTP] --> GET /wd/hub/session/e4fd87ed-2d93-4f2b-a67d-e15e2bd4e4e7 {}
[debug] [MJSONWP] Calling AppiumDriver.getSession() with args: ["e4fd87ed-2d93-4f2b-a67d-e15e2bd4e4e7"]
[debug] [MJSONWP] Responding to client with driver.getSession() result: {"platform":"LINUX","webStorageEnabled":false,"takesScreenshot":true,"javascriptEnabled":true,"databaseEnabled":false,"networkConnectionEnabled":true,"locationContextEnabled":false,"warnings":{},"desired":{"app":"/Users/moniljoshi/Development/Goibibo/app/Goibibo.apk","appPackage":"com.goibibo","appActivity":"com.goibibo.common.HomeActivity","newCommandTimeout":30,"platformVersion":"5.1","platformName":"Android","deviceName":"Android Device","autoAcceptAlerts":true},"app":"/Users/moniljoshi/Development/Goibibo/app/Goibibo.apk","appPackage":"com.goibibo","appActivity":"com.goibibo.common.HomeActivity","newCommandTimeout":30,"platformVersion":"5.1","platformName":"Android","deviceName":"192.168.56.101:5555","autoAcceptAlerts":true,"deviceUDID":"192.168.56.101:5555","deviceScreenSize":"1440x2560","deviceModel":"Google Nexus 6 - 5.1.0 - API 22 - 1440x2560","deviceManufacturer":"unknown"}
[HTTP] <-- GET /wd/hub/session/e4fd87ed-2d93-4f2b-a67d-e15e2bd4e4e7 200 2 ms - 967 
[HTTP] --> GET /wd/hub/session/e4fd87ed-2d93-4f2b-a67d-e15e2bd4e4e7 {}
[debug] [MJSONWP] Calling AppiumDriver.getSession() with args: ["e4fd87ed-2d93-4f2b-a67d-e15e2bd4e4e7"]
[debug] [MJSONWP] Responding to client with driver.getSession() result: {"platform":"LINUX","webStorageEnabled":false,"takesScreenshot":true,"javascriptEnabled":true,"databaseEnabled":false,"networkConnectionEnabled":true,"locationContextEnabled":false,"warnings":{},"desired":{"app":"/Users/moniljoshi/Development/Goibibo/app/Goibibo.apk","appPackage":"com.goibibo","appActivity":"com.goibibo.common.HomeActivity","newCommandTimeout":30,"platformVersion":"5.1","platformName":"Android","deviceName":"Android Device","autoAcceptAlerts":true},"app":"/Users/moniljoshi/Development/Goibibo/app/Goibibo.apk","appPackage":"com.goibibo","appActivity":"com.goibibo.common.HomeActivity","newCommandTimeout":30,"platformVersion":"5.1","platformName":"Android","deviceName":"192.168.56.101:5555","autoAcceptAlerts":true,"deviceUDID":"192.168.56.101:5555","deviceScreenSize":"1440x2560","deviceModel":"Google Nexus 6 - 5.1.0 - API 22 - 1440x2560","deviceManufacturer":"unknown"}
[HTTP] <-- GET /wd/hub/session/e4fd87ed-2d93-4f2b-a67d-e15e2bd4e4e7 200 1 ms - 967 
[HTTP] --> POST /wd/hub/session/e4fd87ed-2d93-4f2b-a67d-e15e2bd4e4e7/element/10/click {"id":"10"}
[debug] [MJSONWP] Calling AppiumDriver.click() with args: ["10","e4fd87ed-2d93-4f2b-a67d-e15e2bd4e4e7"]
[debug] [AndroidBootstrap] Sending command to android: {"cmd":"action","action":"element:click","params":{"elementId":"10"}}
[debug] [AndroidBootstrap] [BOOTSTRAP LOG] [debug] Got data from client: {"cmd":"action","action":"element:click","params":{"elementId":"10"}}
[debug] [AndroidBootstrap] [BOOTSTRAP LOG] [debug] Got command of type ACTION
[debug] [AndroidBootstrap] [BOOTSTRAP LOG] [debug] Got command action: click
[debug] [AndroidBootstrap] [BOOTSTRAP LOG] [debug] Returning result: {"status":0,"value":true}
[debug] [AndroidBootstrap] Received command result from bootstrap
[debug] [MJSONWP] Responding to client with driver.click() result: true
[HTTP] <-- POST /wd/hub/session/e4fd87ed-2d93-4f2b-a67d-e15e2bd4e4e7/element/10/click 200 585 ms - 76 
[HTTP] --> POST /wd/hub/session/e4fd87ed-2d93-4f2b-a67d-e15e2bd4e4e7/element {"using":"id","value":"search_edit"}
[debug] [MJSONWP] Calling AppiumDriver.findElement() with args: ["id","search_edit","e4fd87ed-2d93-4f2b-a67d-e15e2bd4e4e7"]
[debug] [BaseDriver] Valid locator strategies for this request: xpath, id, class name, accessibility id, -android uiautomator
[debug] [BaseDriver] Valid locator strategies for this request: xpath, id, class name, accessibility id, -android uiautomator
[debug] [BaseDriver] Waiting up to 10000 ms for condition
[debug] [AndroidBootstrap] Sending command to android: {"cmd":"action","action":"find","params":{"strategy":"id","selector":"search_edit","context":"","multiple":false}}
[debug] [AndroidBootstrap] [BOOTSTRAP LOG] [debug] Got data from client: {"cmd":"action","action":"find","params":{"strategy":"id","selector":"search_edit","context":"","multiple":false}}
[debug] [AndroidBootstrap] [BOOTSTRAP LOG] [debug] Got command of type ACTION
[debug] [AndroidBootstrap] [BOOTSTRAP LOG] [debug] Got command action: find
[debug] [AndroidBootstrap] [BOOTSTRAP LOG] [debug] Finding 'search_edit' using 'ID' with the contextId: '' multiple: false
[debug] [AndroidBootstrap] [BOOTSTRAP LOG] [debug] Using: UiSelector[INSTANCE=0, RESOURCE_ID=com.goibibo:id/search_edit]
[debug] [AndroidBootstrap] [BOOTSTRAP LOG] [debug] Returning result: {"status":0,"value":{"ELEMENT":"11"}}
[debug] [AndroidBootstrap] Received command result from bootstrap
[debug] [MJSONWP] Responding to client with driver.findElement() result: {"ELEMENT":"11"}
[HTTP] <-- POST /wd/hub/session/e4fd87ed-2d93-4f2b-a67d-e15e2bd4e4e7/element 200 642 ms - 88 
[HTTP] --> GET /wd/hub/session/e4fd87ed-2d93-4f2b-a67d-e15e2bd4e4e7 {}
[debug] [MJSONWP] Calling AppiumDriver.getSession() with args: ["e4fd87ed-2d93-4f2b-a67d-e15e2bd4e4e7"]
[debug] [MJSONWP] Responding to client with driver.getSession() result: {"platform":"LINUX","webStorageEnabled":false,"takesScreenshot":true,"javascriptEnabled":true,"databaseEnabled":false,"networkConnectionEnabled":true,"locationContextEnabled":false,"warnings":{},"desired":{"app":"/Users/moniljoshi/Development/Goibibo/app/Goibibo.apk","appPackage":"com.goibibo","appActivity":"com.goibibo.common.HomeActivity","newCommandTimeout":30,"platformVersion":"5.1","platformName":"Android","deviceName":"Android Device","autoAcceptAlerts":true},"app":"/Users/moniljoshi/Development/Goibibo/app/Goibibo.apk","appPackage":"com.goibibo","appActivity":"com.goibibo.common.HomeActivity","newCommandTimeout":30,"platformVersion":"5.1","platformName":"Android","deviceName":"192.168.56.101:5555","autoAcceptAlerts":true,"deviceUDID":"192.168.56.101:5555","deviceScreenSize":"1440x2560","deviceModel":"Google Nexus 6 - 5.1.0 - API 22 - 1440x2560","deviceManufacturer":"unknown"}
[HTTP] <-- GET /wd/hub/session/e4fd87ed-2d93-4f2b-a67d-e15e2bd4e4e7 200 2 ms - 967 
[HTTP] --> GET /wd/hub/session/e4fd87ed-2d93-4f2b-a67d-e15e2bd4e4e7 {}
[debug] [MJSONWP] Calling AppiumDriver.getSession() with args: ["e4fd87ed-2d93-4f2b-a67d-e15e2bd4e4e7"]
[debug] [MJSONWP] Responding to client with driver.getSession() result: {"platform":"LINUX","webStorageEnabled":false,"takesScreenshot":true,"javascriptEnabled":true,"databaseEnabled":false,"networkConnectionEnabled":true,"locationContextEnabled":false,"warnings":{},"desired":{"app":"/Users/moniljoshi/Development/Goibibo/app/Goibibo.apk","appPackage":"com.goibibo","appActivity":"com.goibibo.common.HomeActivity","newCommandTimeout":30,"platformVersion":"5.1","platformName":"Android","deviceName":"Android Device","autoAcceptAlerts":true},"app":"/Users/moniljoshi/Development/Goibibo/app/Goibibo.apk","appPackage":"com.goibibo","appActivity":"com.goibibo.common.HomeActivity","newCommandTimeout":30,"platformVersion":"5.1","platformName":"Android","deviceName":"192.168.56.101:5555","autoAcceptAlerts":true,"deviceUDID":"192.168.56.101:5555","deviceScreenSize":"1440x2560","deviceModel":"Google Nexus 6 - 5.1.0 - API 22 - 1440x2560","deviceManufacturer":"unknown"}
[HTTP] <-- GET /wd/hub/session/e4fd87ed-2d93-4f2b-a67d-e15e2bd4e4e7 200 2 ms - 967 
[HTTP] --> GET /wd/hub/session/e4fd87ed-2d93-4f2b-a67d-e15e2bd4e4e7 {}
[debug] [MJSONWP] Calling AppiumDriver.getSession() with args: ["e4fd87ed-2d93-4f2b-a67d-e15e2bd4e4e7"]
[debug] [MJSONWP] Responding to client with driver.getSession() result: {"platform":"LINUX","webStorageEnabled":false,"takesScreenshot":true,"javascriptEnabled":true,"databaseEnabled":false,"networkConnectionEnabled":true,"locationContextEnabled":false,"warnings":{},"desired":{"app":"/Users/moniljoshi/Development/Goibibo/app/Goibibo.apk","appPackage":"com.goibibo","appActivity":"com.goibibo.common.HomeActivity","newCommandTimeout":30,"platformVersion":"5.1","platformName":"Android","deviceName":"Android Device","autoAcceptAlerts":true},"app":"/Users/moniljoshi/Development/Goibibo/app/Goibibo.apk","appPackage":"com.goibibo","appActivity":"com.goibibo.common.HomeActivity","newCommandTimeout":30,"platformVersion":"5.1","platformName":"Android","deviceName":"192.168.56.101:5555","autoAcceptAlerts":true,"deviceUDID":"192.168.56.101:5555","deviceScreenSize":"1440x2560","deviceModel":"Google Nexus 6 - 5.1.0 - API 22 - 1440x2560","deviceManufacturer":"unknown"}
[HTTP] <-- GET /wd/hub/session/e4fd87ed-2d93-4f2b-a67d-e15e2bd4e4e7 200 3 ms - 967 
[HTTP] --> GET /wd/hub/session/e4fd87ed-2d93-4f2b-a67d-e15e2bd4e4e7 {}
[debug] [MJSONWP] Calling AppiumDriver.getSession() with args: ["e4fd87ed-2d93-4f2b-a67d-e15e2bd4e4e7"]
[debug] [MJSONWP] Responding to client with driver.getSession() result: {"platform":"LINUX","webStorageEnabled":false,"takesScreenshot":true,"javascriptEnabled":true,"databaseEnabled":false,"networkConnectionEnabled":true,"locationContextEnabled":false,"warnings":{},"desired":{"app":"/Users/moniljoshi/Development/Goibibo/app/Goibibo.apk","appPackage":"com.goibibo","appActivity":"com.goibibo.common.HomeActivity","newCommandTimeout":30,"platformVersion":"5.1","platformName":"Android","deviceName":"Android Device","autoAcceptAlerts":true},"app":"/Users/moniljoshi/Development/Goibibo/app/Goibibo.apk","appPackage":"com.goibibo","appActivity":"com.goibibo.common.HomeActivity","newCommandTimeout":30,"platformVersion":"5.1","platformName":"Android","deviceName":"192.168.56.101:5555","autoAcceptAlerts":true,"deviceUDID":"192.168.56.101:5555","deviceScreenSize":"1440x2560","deviceModel":"Google Nexus 6 - 5.1.0 - API 22 - 1440x2560","deviceManufacturer":"unknown"}
[HTTP] <-- GET /wd/hub/session/e4fd87ed-2d93-4f2b-a67d-e15e2bd4e4e7 200 2 ms - 967 
[HTTP] --> POST /wd/hub/session/e4fd87ed-2d93-4f2b-a67d-e15e2bd4e4e7/element/11/value {"id":"11","value":["Pune"]}
[debug] [MJSONWP] Calling AppiumDriver.setValue() with args: [["Pune"],"11","e4fd87ed-2d93-4f2b-a67d-e15e2bd4e4e7"]
[debug] [AndroidBootstrap] Sending command to android: {"cmd":"action","action":"element:setText","params":{"elementId":"11","text":"Pune","replace":false}}
[debug] [AndroidBootstrap] [BOOTSTRAP LOG] [debug] Got data from client: {"cmd":"action","action":"element:setText","params":{"elementId":"11","text":"Pune","replace":false}}
[debug] [AndroidBootstrap] [BOOTSTRAP LOG] [debug] Got command of type ACTION
[debug] [AndroidBootstrap] [BOOTSTRAP LOG] [debug] Got command action: setText
[debug] [AndroidBootstrap] [BOOTSTRAP LOG] [debug] Using element passed in: 11
[debug] [AndroidBootstrap] [BOOTSTRAP LOG] [debug] Attempting to clear using UiObject.clearText().
[debug] [AndroidBootstrap] [BOOTSTRAP LOG] [debug] Text remains after clearing, but it appears to be hint text.
[debug] [AndroidBootstrap] [BOOTSTRAP LOG] [debug] Text not cleared. Assuming remainder is hint text.
[debug] [AndroidBootstrap] [BOOTSTRAP LOG] [debug] Sending plain text to element: Pune
[debug] [AndroidBootstrap] [BOOTSTRAP LOG] [debug] Returning result: {"status":0,"value":true}
[debug] [AndroidBootstrap] Received command result from bootstrap
[debug] [MJSONWP] Responding to client with driver.setValue() result: true
[HTTP] <-- POST /wd/hub/session/e4fd87ed-2d93-4f2b-a67d-e15e2bd4e4e7/element/11/value 200 4785 ms - 76 
[HTTP] --> POST /wd/hub/session/e4fd87ed-2d93-4f2b-a67d-e15e2bd4e4e7/elements {"using":"id","value":"suggested_place"}
[debug] [MJSONWP] Calling AppiumDriver.findElements() with args: ["id","suggested_place","e4fd87ed-2d93-4f2b-a67d-e15e2bd4e4e7"]
[debug] [BaseDriver] Valid locator strategies for this request: xpath, id, class name, accessibility id, -android uiautomator
[debug] [BaseDriver] Valid locator strategies for this request: xpath, id, class name, accessibility id, -android uiautomator
[debug] [BaseDriver] Waiting up to 10000 ms for condition
[debug] [AndroidBootstrap] Sending command to android: {"cmd":"action","action":"find","params":{"strategy":"id","selector":"suggested_place","context":"","multiple":true}}
[debug] [AndroidBootstrap] [BOOTSTRAP LOG] [debug] Got data from client: {"cmd":"action","action":"find","params":{"strategy":"id","selector":"suggested_place","context":"","multiple":true}}
[debug] [AndroidBootstrap] [BOOTSTRAP LOG] [debug] Got command of type ACTION
[debug] [AndroidBootstrap] [BOOTSTRAP LOG] [debug] Got command action: find
[debug] [AndroidBootstrap] [BOOTSTRAP LOG] [debug] Finding 'suggested_place' using 'ID' with the contextId: '' multiple: true
[debug] [AndroidBootstrap] [BOOTSTRAP LOG] [debug] Using: UiSelector[RESOURCE_ID=com.goibibo:id/suggested_place]
[debug] [AndroidBootstrap] [BOOTSTRAP LOG] [debug] getElements selector:UiSelector[RESOURCE_ID=com.goibibo:id/suggested_place]
[debug] [AndroidBootstrap] [BOOTSTRAP LOG] [debug] Element[] is null: (0)
[debug] [AndroidBootstrap] [BOOTSTRAP LOG] [debug] getElements tmp selector:UiSelector[INSTANCE=0, RESOURCE_ID=com.goibibo:id/suggested_place]
[debug] [AndroidBootstrap] [BOOTSTRAP LOG] [debug] Element[] is null: (1)
[debug] [AndroidBootstrap] [BOOTSTRAP LOG] [debug] getElements tmp selector:UiSelector[INSTANCE=1, RESOURCE_ID=com.goibibo:id/suggested_place]
[debug] [AndroidBootstrap] [BOOTSTRAP LOG] [debug] Element[] is null: (2)
[debug] [AndroidBootstrap] [BOOTSTRAP LOG] [debug] getElements tmp selector:UiSelector[INSTANCE=2, RESOURCE_ID=com.goibibo:id/suggested_place]
[debug] [AndroidBootstrap] [BOOTSTRAP LOG] [debug] Element[] is null: (3)
[debug] [AndroidBootstrap] [BOOTSTRAP LOG] [debug] getElements tmp selector:UiSelector[INSTANCE=3, RESOURCE_ID=com.goibibo:id/suggested_place]
[debug] [AndroidBootstrap] [BOOTSTRAP LOG] [debug] Using: UiSelector[RESOURCE_ID=android:id/suggested_place]
[debug] [AndroidBootstrap] [BOOTSTRAP LOG] [debug] getElements selector:UiSelector[RESOURCE_ID=android:id/suggested_place]
[debug] [AndroidBootstrap] [BOOTSTRAP LOG] [debug] Element[] is null: (0)
[debug] [AndroidBootstrap] [BOOTSTRAP LOG] [debug] getElements tmp selector:UiSelector[INSTANCE=0, RESOURCE_ID=android:id/suggested_place]
[debug] [AndroidBootstrap] [BOOTSTRAP LOG] [debug] Using: UiSelector[RESOURCE_ID=suggested_place]
[debug] [AndroidBootstrap] [BOOTSTRAP LOG] [debug] getElements selector:UiSelector[RESOURCE_ID=suggested_place]
[debug] [AndroidBootstrap] [BOOTSTRAP LOG] [debug] Element[] is null: (0)
[debug] [AndroidBootstrap] [BOOTSTRAP LOG] [debug] getElements tmp selector:UiSelector[INSTANCE=0, RESOURCE_ID=suggested_place]
[debug] [AndroidBootstrap] [BOOTSTRAP LOG] [debug] Using: UiSelector[DESCRIPTION=suggested_place]
[debug] [AndroidBootstrap] [BOOTSTRAP LOG] [debug] getElements selector:UiSelector[DESCRIPTION=suggested_place]
[debug] [AndroidBootstrap] [BOOTSTRAP LOG] [debug] Element[] is null: (0)
[debug] [AndroidBootstrap] [BOOTSTRAP LOG] [debug] getElements tmp selector:UiSelector[DESCRIPTION=suggested_place, INSTANCE=0]
[debug] [AndroidBootstrap] [BOOTSTRAP LOG] [debug] Returning result: {"status":0,"value":[{"ELEMENT":"12"},{"ELEMENT":"13"},{"ELEMENT":"14"}]}
[debug] [AndroidBootstrap] Received command result from bootstrap
[debug] [MJSONWP] Responding to client with driver.findElements() result: [{"ELEMENT":"12"},{"ELEMENT":"13"},{"ELEMENT":"14"}]
[HTTP] <-- POST /wd/hub/session/e4fd87ed-2d93-4f2b-a67d-e15e2bd4e4e7/elements 200 1146 ms - 124 
[HTTP] --> GET /wd/hub/session/e4fd87ed-2d93-4f2b-a67d-e15e2bd4e4e7 {}
[debug] [MJSONWP] Calling AppiumDriver.getSession() with args: ["e4fd87ed-2d93-4f2b-a67d-e15e2bd4e4e7"]
[debug] [MJSONWP] Responding to client with driver.getSession() result: {"platform":"LINUX","webStorageEnabled":false,"takesScreenshot":true,"javascriptEnabled":true,"databaseEnabled":false,"networkConnectionEnabled":true,"locationContextEnabled":false,"warnings":{},"desired":{"app":"/Users/moniljoshi/Development/Goibibo/app/Goibibo.apk","appPackage":"com.goibibo","appActivity":"com.goibibo.common.HomeActivity","newCommandTimeout":30,"platformVersion":"5.1","platformName":"Android","deviceName":"Android Device","autoAcceptAlerts":true},"app":"/Users/moniljoshi/Development/Goibibo/app/Goibibo.apk","appPackage":"com.goibibo","appActivity":"com.goibibo.common.HomeActivity","newCommandTimeout":30,"platformVersion":"5.1","platformName":"Android","deviceName":"192.168.56.101:5555","autoAcceptAlerts":true,"deviceUDID":"192.168.56.101:5555","deviceScreenSize":"1440x2560","deviceModel":"Google Nexus 6 - 5.1.0 - API 22 - 1440x2560","deviceManufacturer":"unknown"}
[HTTP] <-- GET /wd/hub/session/e4fd87ed-2d93-4f2b-a67d-e15e2bd4e4e7 200 3 ms - 967 
[HTTP] --> GET /wd/hub/session/e4fd87ed-2d93-4f2b-a67d-e15e2bd4e4e7 {}
[debug] [MJSONWP] Calling AppiumDriver.getSession() with args: ["e4fd87ed-2d93-4f2b-a67d-e15e2bd4e4e7"]
[debug] [MJSONWP] Responding to client with driver.getSession() result: {"platform":"LINUX","webStorageEnabled":false,"takesScreenshot":true,"javascriptEnabled":true,"databaseEnabled":false,"networkConnectionEnabled":true,"locationContextEnabled":false,"warnings":{},"desired":{"app":"/Users/moniljoshi/Development/Goibibo/app/Goibibo.apk","appPackage":"com.goibibo","appActivity":"com.goibibo.common.HomeActivity","newCommandTimeout":30,"platformVersion":"5.1","platformName":"Android","deviceName":"Android Device","autoAcceptAlerts":true},"app":"/Users/moniljoshi/Development/Goibibo/app/Goibibo.apk","appPackage":"com.goibibo","appActivity":"com.goibibo.common.HomeActivity","newCommandTimeout":30,"platformVersion":"5.1","platformName":"Android","deviceName":"192.168.56.101:5555","autoAcceptAlerts":true,"deviceUDID":"192.168.56.101:5555","deviceScreenSize":"1440x2560","deviceModel":"Google Nexus 6 - 5.1.0 - API 22 - 1440x2560","deviceManufacturer":"unknown"}
[HTTP] <-- GET /wd/hub/session/e4fd87ed-2d93-4f2b-a67d-e15e2bd4e4e7 200 2 ms - 967 
[HTTP] --> GET /wd/hub/session/e4fd87ed-2d93-4f2b-a67d-e15e2bd4e4e7 {}
[debug] [MJSONWP] Calling AppiumDriver.getSession() with args: ["e4fd87ed-2d93-4f2b-a67d-e15e2bd4e4e7"]
[debug] [MJSONWP] Responding to client with driver.getSession() result: {"platform":"LINUX","webStorageEnabled":false,"takesScreenshot":true,"javascriptEnabled":true,"databaseEnabled":false,"networkConnectionEnabled":true,"locationContextEnabled":false,"warnings":{},"desired":{"app":"/Users/moniljoshi/Development/Goibibo/app/Goibibo.apk","appPackage":"com.goibibo","appActivity":"com.goibibo.common.HomeActivity","newCommandTimeout":30,"platformVersion":"5.1","platformName":"Android","deviceName":"Android Device","autoAcceptAlerts":true},"app":"/Users/moniljoshi/Development/Goibibo/app/Goibibo.apk","appPackage":"com.goibibo","appActivity":"com.goibibo.common.HomeActivity","newCommandTimeout":30,"platformVersion":"5.1","platformName":"Android","deviceName":"192.168.56.101:5555","autoAcceptAlerts":true,"deviceUDID":"192.168.56.101:5555","deviceScreenSize":"1440x2560","deviceModel":"Google Nexus 6 - 5.1.0 - API 22 - 1440x2560","deviceManufacturer":"unknown"}
[HTTP] <-- GET /wd/hub/session/e4fd87ed-2d93-4f2b-a67d-e15e2bd4e4e7 200 4 ms - 967 
[HTTP] --> GET /wd/hub/session/e4fd87ed-2d93-4f2b-a67d-e15e2bd4e4e7 {}
[debug] [MJSONWP] Calling AppiumDriver.getSession() with args: ["e4fd87ed-2d93-4f2b-a67d-e15e2bd4e4e7"]
[debug] [MJSONWP] Responding to client with driver.getSession() result: {"platform":"LINUX","webStorageEnabled":false,"takesScreenshot":true,"javascriptEnabled":true,"databaseEnabled":false,"networkConnectionEnabled":true,"locationContextEnabled":false,"warnings":{},"desired":{"app":"/Users/moniljoshi/Development/Goibibo/app/Goibibo.apk","appPackage":"com.goibibo","appActivity":"com.goibibo.common.HomeActivity","newCommandTimeout":30,"platformVersion":"5.1","platformName":"Android","deviceName":"Android Device","autoAcceptAlerts":true},"app":"/Users/moniljoshi/Development/Goibibo/app/Goibibo.apk","appPackage":"com.goibibo","appActivity":"com.goibibo.common.HomeActivity","newCommandTimeout":30,"platformVersion":"5.1","platformName":"Android","deviceName":"192.168.56.101:5555","autoAcceptAlerts":true,"deviceUDID":"192.168.56.101:5555","deviceScreenSize":"1440x2560","deviceModel":"Google Nexus 6 - 5.1.0 - API 22 - 1440x2560","deviceManufacturer":"unknown"}
[HTTP] <-- GET /wd/hub/session/e4fd87ed-2d93-4f2b-a67d-e15e2bd4e4e7 200 3 ms - 967 
[HTTP] --> GET /wd/hub/session/e4fd87ed-2d93-4f2b-a67d-e15e2bd4e4e7 {}
[debug] [MJSONWP] Calling AppiumDriver.getSession() with args: ["e4fd87ed-2d93-4f2b-a67d-e15e2bd4e4e7"]
[debug] [MJSONWP] Responding to client with driver.getSession() result: {"platform":"LINUX","webStorageEnabled":false,"takesScreenshot":true,"javascriptEnabled":true,"databaseEnabled":false,"networkConnectionEnabled":true,"locationContextEnabled":false,"warnings":{},"desired":{"app":"/Users/moniljoshi/Development/Goibibo/app/Goibibo.apk","appPackage":"com.goibibo","appActivity":"com.goibibo.common.HomeActivity","newCommandTimeout":30,"platformVersion":"5.1","platformName":"Android","deviceName":"Android Device","autoAcceptAlerts":true},"app":"/Users/moniljoshi/Development/Goibibo/app/Goibibo.apk","appPackage":"com.goibibo","appActivity":"com.goibibo.common.HomeActivity","newCommandTimeout":30,"platformVersion":"5.1","platformName":"Android","deviceName":"192.168.56.101:5555","autoAcceptAlerts":true,"deviceUDID":"192.168.56.101:5555","deviceScreenSize":"1440x2560","deviceModel":"Google Nexus 6 - 5.1.0 - API 22 - 1440x2560","deviceManufacturer":"unknown"}
[HTTP] <-- GET /wd/hub/session/e4fd87ed-2d93-4f2b-a67d-e15e2bd4e4e7 200 2 ms - 967 
[HTTP] --> GET /wd/hub/session/e4fd87ed-2d93-4f2b-a67d-e15e2bd4e4e7 {}
[debug] [MJSONWP] Calling AppiumDriver.getSession() with args: ["e4fd87ed-2d93-4f2b-a67d-e15e2bd4e4e7"]
[debug] [MJSONWP] Responding to client with driver.getSession() result: {"platform":"LINUX","webStorageEnabled":false,"takesScreenshot":true,"javascriptEnabled":true,"databaseEnabled":false,"networkConnectionEnabled":true,"locationContextEnabled":false,"warnings":{},"desired":{"app":"/Users/moniljoshi/Development/Goibibo/app/Goibibo.apk","appPackage":"com.goibibo","appActivity":"com.goibibo.common.HomeActivity","newCommandTimeout":30,"platformVersion":"5.1","platformName":"Android","deviceName":"Android Device","autoAcceptAlerts":true},"app":"/Users/moniljoshi/Development/Goibibo/app/Goibibo.apk","appPackage":"com.goibibo","appActivity":"com.goibibo.common.HomeActivity","newCommandTimeout":30,"platformVersion":"5.1","platformName":"Android","deviceName":"192.168.56.101:5555","autoAcceptAlerts":true,"deviceUDID":"192.168.56.101:5555","deviceScreenSize":"1440x2560","deviceModel":"Google Nexus 6 - 5.1.0 - API 22 - 1440x2560","deviceManufacturer":"unknown"}
[HTTP] <-- GET /wd/hub/session/e4fd87ed-2d93-4f2b-a67d-e15e2bd4e4e7 200 3 ms - 967 
[HTTP] --> GET /wd/hub/session/e4fd87ed-2d93-4f2b-a67d-e15e2bd4e4e7 {}
[debug] [MJSONWP] Calling AppiumDriver.getSession() with args: ["e4fd87ed-2d93-4f2b-a67d-e15e2bd4e4e7"]
[...]
[debug] [AndroidBootstrap] [BOOTSTRAP LOG] [debug] Using: UiSelector[DESCRIPTION=textBusOnwDay_cur, INSTANCE=0]
[debug] [AndroidBootstrap] [BOOTSTRAP LOG] [debug] Returning result: {"status":7,"value":"No element found"}
[debug] [AndroidBootstrap] Received command result from bootstrap
[debug] [BaseDriver] Waited for 8827 ms so far
[debug] [AndroidBootstrap] Sending command to android: {"cmd":"action","action":"find","params":{"strategy":"id","selector":"textBusOnwDay_cur","context":"","multiple":false}}
[debug] [AndroidBootstrap] [BOOTSTRAP LOG] [debug] Got data from client: {"cmd":"action","action":"find","params":{"strategy":"id","selector":"textBusOnwDay_cur","context":"","multiple":false}}
[debug] [AndroidBootstrap] [BOOTSTRAP LOG] [debug] Got command of type ACTION
[debug] [AndroidBootstrap] [BOOTSTRAP LOG] [debug] Got command action: find
[debug] [AndroidBootstrap] [BOOTSTRAP LOG] [debug] Finding 'textBusOnwDay_cur' using 'ID' with the contextId: '' multiple: false
[debug] [AndroidBootstrap] [BOOTSTRAP LOG] [debug] Using: UiSelector[INSTANCE=0, RESOURCE_ID=com.goibibo:id/textBusOnwDay_cur]
[debug] [AndroidBootstrap] [BOOTSTRAP LOG] [debug] Using: UiSelector[INSTANCE=0, RESOURCE_ID=android:id/textBusOnwDay_cur]
[debug] [AndroidBootstrap] [BOOTSTRAP LOG] [debug] Using: UiSelector[INSTANCE=0, RESOURCE_ID=textBusOnwDay_cur]
[debug] [AndroidBootstrap] [BOOTSTRAP LOG] [debug] Using: UiSelector[DESCRIPTION=textBusOnwDay_cur, INSTANCE=0]
[debug] [AndroidBootstrap] [BOOTSTRAP LOG] [debug] Failed to locate element. Clearing Accessibility cache and retrying.
[debug] [AndroidBootstrap] [BOOTSTRAP LOG] [debug] Finding 'textBusOnwDay_cur' using 'ID' with the contextId: '' multiple: false
[debug] [AndroidBootstrap] [BOOTSTRAP LOG] [debug] Using: UiSelector[INSTANCE=0, RESOURCE_ID=com.goibibo:id/textBusOnwDay_cur]
[debug] [AndroidBootstrap] [BOOTSTRAP LOG] [debug] Using: UiSelector[INSTANCE=0, RESOURCE_ID=android:id/textBusOnwDay_cur]
[debug] [AndroidBootstrap] [BOOTSTRAP LOG] [debug] Using: UiSelector[INSTANCE=0, RESOURCE_ID=textBusOnwDay_cur]
[debug] [AndroidBootstrap] [BOOTSTRAP LOG] [debug] Using: UiSelector[DESCRIPTION=textBusOnwDay_cur, INSTANCE=0]
[debug] [AndroidBootstrap] [BOOTSTRAP LOG] [debug] Returning result: {"status":7,"value":"No element found"}
[debug] [AndroidBootstrap] Received command result from bootstrap
[debug] [BaseDriver] Waited for 9424 ms so far
[debug] [AndroidBootstrap] Sending command to android: {"cmd":"action","action":"find","params":{"strategy":"id","selector":"textBusOnwDay_cur","context":"","multiple":false}}
[debug] [AndroidBootstrap] [BOOTSTRAP LOG] [debug] Got data from client: {"cmd":"action","action":"find","params":{"strategy":"id","selector":"textBusOnwDay_cur","context":"","multiple":false}}
[debug] [AndroidBootstrap] [BOOTSTRAP LOG] [debug] Got command of type ACTION
[debug] [AndroidBootstrap] [BOOTSTRAP LOG] [debug] Got command action: find
[debug] [AndroidBootstrap] [BOOTSTRAP LOG] [debug] Finding 'textBusOnwDay_cur' using 'ID' with the contextId: '' multiple: false
[debug] [AndroidBootstrap] [BOOTSTRAP LOG] [debug] Using: UiSelector[INSTANCE=0, RESOURCE_ID=com.goibibo:id/textBusOnwDay_cur]
[debug] [AndroidBootstrap] [BOOTSTRAP LOG] [debug] Using: UiSelector[INSTANCE=0, RESOURCE_ID=android:id/textBusOnwDay_cur]
[debug] [AndroidBootstrap] [BOOTSTRAP LOG] [debug] Using: UiSelector[INSTANCE=0, RESOURCE_ID=textBusOnwDay_cur]
[debug] [AndroidBootstrap] [BOOTSTRAP LOG] [debug] Using: UiSelector[DESCRIPTION=textBusOnwDay_cur, INSTANCE=0]
[debug] [AndroidBootstrap] [BOOTSTRAP LOG] [debug] Failed to locate element. Clearing Accessibility cache and retrying.
[debug] [AndroidBootstrap] [BOOTSTRAP LOG] [debug] Finding 'textBusOnwDay_cur' using 'ID' with the contextId: '' multiple: false
[debug] [AndroidBootstrap] [BOOTSTRAP LOG] [debug] Using: UiSelector[INSTANCE=0, RESOURCE_ID=com.goibibo:id/textBusOnwDay_cur]
[debug] [AndroidBootstrap] [BOOTSTRAP LOG] [debug] Using: UiSelector[INSTANCE=0, RESOURCE_ID=android:id/textBusOnwDay_cur]
[debug] [AndroidBootstrap] [BOOTSTRAP LOG] [debug] Using: UiSelector[INSTANCE=0, RESOURCE_ID=textBusOnwDay_cur]
[debug] [AndroidBootstrap] [BOOTSTRAP LOG] [debug] Using: UiSelector[DESCRIPTION=textBusOnwDay_cur, INSTANCE=0]
[debug] [AndroidBootstrap] [BOOTSTRAP LOG] [debug] Returning result: {"status":7,"value":"No element found"}
[debug] [AndroidBootstrap] Received command result from bootstrap
[HTTP] <-- POST /wd/hub/session/e4fd87ed-2d93-4f2b-a67d-e15e2bd4e4e7/element 500 10160 ms - 164 
[HTTP] --> DELETE /wd/hub/session/e4fd87ed-2d93-4f2b-a67d-e15e2bd4e4e7 {}
[debug] [MJSONWP] Calling AppiumDriver.deleteSession() with args: ["e4fd87ed-2d93-4f2b-a67d-e15e2bd4e4e7"]
[debug] [BaseDriver] Event 'quitSessionRequested' logged at 1509366845528 (18:04:05 GMT+0530 (IST))
[Appium] Removing session e4fd87ed-2d93-4f2b-a67d-e15e2bd4e4e7 from our master session list
[debug] [AndroidDriver] Shutting down Android driver
[debug] [ADB] Getting connected devices...
[debug] [ADB] 1 device(s) connected
[debug] [ADB] Running '/Users/moniljoshi/Library/Android/sdk/platform-tools/adb' with args: ["-P",5037,"-s","192.168.56.101:5555","shell","am","force-stop","com.goibibo"]
[debug] [ADB] Pressing the HOME button
[debug] [ADB] Getting connected devices...
[debug] [ADB] 1 device(s) connected
[debug] [ADB] Running '/Users/moniljoshi/Library/Android/sdk/platform-tools/adb' with args: ["-P",5037,"-s","192.168.56.101:5555","shell","input","keyevent",3]
[debug] [AndroidBootstrap] Sending command to android: {"cmd":"shutdown"}
[debug] [AndroidBootstrap] [BOOTSTRAP LOG] [debug] Got data from client: {"cmd":"shutdown"}
[debug] [AndroidBootstrap] [BOOTSTRAP LOG] [debug] Got command of type SHUTDOWN
[debug] [AndroidBootstrap] Received command result from bootstrap
[debug] [UiAutomator] Shutting down UiAutomator
[debug] [UiAutomator] Moving to state 'stopping'
[debug] [UiAutomator] UiAutomator shut down normally
[debug] [UiAutomator] Moving to state 'stopped'
[debug] [ADB] Attempting to kill all uiautomator processes
[debug] [ADB] Getting all processes with uiautomator
[debug] [ADB] Getting connected devices...
[debug] [ADB] 1 device(s) connected
[debug] [ADB] Running '/Users/moniljoshi/Library/Android/sdk/platform-tools/adb' with args: ["-P",5037,"-s","192.168.56.101:5555","shell","ps"]
[ADB] No uiautomator process found to kill, continuing...
[debug] [UiAutomator] Moving to state 'stopped'
[debug] [Logcat] Stopping logcat capture
[debug] [ADB] Getting connected devices...
[debug] [ADB] 1 device(s) connected
[debug] [ADB] Running '/Users/moniljoshi/Library/Android/sdk/platform-tools/adb' with args: ["-P",5037,"-s","192.168.56.101:5555","shell","am","force-stop","io.appium.unlock"]
[debug] [AndroidDriver] Not cleaning generated files. Add `clearSystemFiles` capability if wanted.
[debug] [BaseDriver] Event 'quitSessionFinished' logged at 1509366846788 (18:04:06 GMT+0530 (IST))
[debug] [MJSONWP] Received response: null
[debug] [MJSONWP] But deleting session, so not returning
[debug] [MJSONWP] Responding to client with driver.deleteSession() result: null
[HTTP] <-- DELETE /wd/hub/session/e4fd87ed-2d93-4f2b-a67d-e15e2bd4e4e7 200 1263 ms - 76 

  @seatbooking
  Scenario Outline: Book a seat in bus                                             ?[90m# seatbooking.feature:27?[0m
    //Given user sends mobile no 9876545678
    //And click on continue

    ?[32mGiven ?[0m?[32muser on home screen taps skip?[0m                                            ?[90m# HomePageStep.user_on_home_screen_taps_skip()?[0m
    ?[32mAnd ?[0m?[32muser on home screen taps on bus?[0m                                            ?[90m# HomePageStep.user_on_home_screen_taps_on_bus()?[0m
    ?[32mAnd ?[0m?[32muser on tripDetail page taps on From?[0m                                       ?[90m# TripDetailPageStep.user_on_tripDetail_page_taps_on_From()?[0m
    ?[32mAnd ?[0m?[32muser on tripDetail page types on enterdeptartureCityName value "?[0m?[32m?[1mBangalore?[0m?[32m"?[0m ?[90m# TripDetailPageStep.user_on_tripDetail_page_types_on_enterdeptartureCityName_value(String)?[0m
    ?[32mAnd ?[0m?[32muser on tripDetail page select first option from city?[0m                      ?[90m# TripDetailPageStep.user_on_tripDetail_page_select_first_option_from_city()?[0m
    ?[32mAnd ?[0m?[32muser on tripDetail page taps on To?[0m                                         ?[90m# TripDetailPageStep.user_on_tripDetail_page_taps_on_To()?[0m
    ?[32mAnd ?[0m?[32muser on tripDetail page types on enterarrivalCityName value "?[0m?[32m?[1mPune?[0m?[32m"?[0m         ?[90m# TripDetailPageStep.user_on_tripDetail_page_types_on_enterarrivalCityName_value(String)?[0m
    ?[32mAnd ?[0m?[32muser on tripDetail page select first option from city?[0m                      ?[90m# TripDetailPageStep.user_on_tripDetail_page_select_first_option_from_city()?[0m
    ?[31mAnd ?[0m?[31muser on tripDetail page taps on Departure date?[0m                             ?[90m# TripDetailPageStep.user_on_tripDetail_page_taps_on_Departure_date()?[0m
      ?[31morg.openqa.selenium.NoSuchElementException: An element could not be located on the page using the given search parameters. (WARNING: The server did not provide any stacktrace information)
      Command duration or timeout: 0 milliseconds
      For documentation on this error, please visit: http://seleniumhq.org/exceptions/no_such_element.html
      Build info: version: '3.6.0', revision: '6fbf3ec767', time: '2017-09-27T15:28:36.4Z'
      System info: host: 'Monils-MacBook-Pro.local', ip: 'fe80:0:0:0:1cbf:1c1b:817f:2eff%en0', os.name: 'Mac OS X', os.arch: 'x86_64', os.version: '10.12.5', java.version: '1.8.0_144'
      Driver info: io.appium.java_client.android.AndroidDriver
      Capabilities [{app=/Users/moniljoshi/Development/Goibibo/app/Goibibo.apk, appPackage=com.goibibo, deviceScreenSize=1440x2560, networkConnectionEnabled=true, warnings={}, databaseEnabled=false, deviceName=192.168.56.101:5555, platform=LINUX, deviceUDID=192.168.56.101:5555, appActivity=com.goibibo.common.HomeActivity, desired={app=/Users/moniljoshi/Development/Goibibo/app/Goibibo.apk, appPackage=com.goibibo, appActivity=com.goibibo.common.HomeActivity, newCommandTimeout=30, platformVersion=5.1, platformName=Android, deviceName=Android Device, autoAcceptAlerts=true}, newCommandTimeout=30, platformVersion=5.1, webStorageEnabled=false, locationContextEnabled=false, takesScreenshot=true, javascriptEnabled=true, deviceModel=Google Nexus 6 - 5.1.0 - API 22 - 1440x2560, deviceManufacturer=unknown, platformName=LINUX, autoAcceptAlerts=true}]
      Session ID: e4fd87ed-2d93-4f2b-a67d-e15e2bd4e4e7
      *** Element info: {Using=id, value=textBusOnwDay_cur}
      	at sun.reflect.NativeConstructorAccessorImpl.newInstance0(Native Method)
      	at sun.reflect.NativeConstructorAccessorImpl.newInstance(NativeConstructorAccessorImpl.java:62)
      	at sun.reflect.DelegatingConstructorAccessorImpl.newInstance(DelegatingConstructorAccessorImpl.java:45)
      	at java.lang.reflect.Constructor.newInstance(Constructor.java:423)
      	at org.openqa.selenium.remote.ErrorHandler.createThrowable(ErrorHandler.java:214)
      	at org.openqa.selenium.remote.ErrorHandler.throwIfResponseFailed(ErrorHandler.java:166)
      	at org.openqa.selenium.remote.http.JsonHttpResponseCodec.reconstructValue(JsonHttpResponseCodec.java:40)
      	at org.openqa.selenium.remote.http.AbstractHttpResponseCodec.decode(AbstractHttpResponseCodec.java:82)
      	at org.openqa.selenium.remote.http.AbstractHttpResponseCodec.decode(AbstractHttpResponseCodec.java:45)
      	at org.openqa.selenium.remote.HttpCommandExecutor.execute(HttpCommandExecutor.java:164)
      	at io.appium.java_client.remote.AppiumCommandExecutor.execute(AppiumCommandExecutor.java:89)
      	at org.openqa.selenium.remote.RemoteWebDriver.execute(RemoteWebDriver.java:586)
      	at io.appium.java_client.DefaultGenericMobileDriver.execute(DefaultGenericMobileDriver.java:42)
      	at io.appium.java_client.AppiumDriver.execute(AppiumDriver.java:1)
      	at io.appium.java_client.android.AndroidDriver.execute(AndroidDriver.java:1)
      	at org.openqa.selenium.remote.RemoteWebDriver.findElement(RemoteWebDriver.java:356)
      	at io.appium.java_client.DefaultGenericMobileDriver.findElement(DefaultGenericMobileDriver.java:62)
      	at io.appium.java_client.AppiumDriver.findElement(AppiumDriver.java:1)
      	at io.appium.java_client.android.AndroidDriver.findElement(AndroidDriver.java:1)
      	at org.openqa.selenium.remote.RemoteWebDriver.findElementById(RemoteWebDriver.java:402)
      	at io.appium.java_client.DefaultGenericMobileDriver.findElementById(DefaultGenericMobileDriver.java:70)
      	at io.appium.java_client.AppiumDriver.findElementById(AppiumDriver.java:1)
      	at io.appium.java_client.android.AndroidDriver.findElementById(AndroidDriver.java:1)
      	at org.openqa.selenium.By$ById.findElement(By.java:218)
      	at org.openqa.selenium.remote.RemoteWebDriver.findElement(RemoteWebDriver.java:348)
      	at io.appium.java_client.DefaultGenericMobileDriver.findElement(DefaultGenericMobileDriver.java:58)
      	at io.appium.java_client.AppiumDriver.findElement(AppiumDriver.java:1)
      	at io.appium.java_client.android.AndroidDriver.findElement(AndroidDriver.java:1)
      	at org.openqa.selenium.support.pagefactory.DefaultElementLocator.findElement(DefaultElementLocator.java:69)
      	at org.openqa.selenium.support.pagefactory.internal.LocatingElementHandler.invoke(LocatingElementHandler.java:38)
      	at com.sun.proxy.$Proxy19.click(Unknown Source)
      	at pages.TripDetailPage.user_on_tripDetail_page_taps_on_Departure_date(TripDetailPage.java:69)
      	at steps.TripDetailPageStep.user_on_tripDetail_page_taps_on_Departure_date(TripDetailPageStep.java:34)
      	at ?.And user on tripDetail page taps on Departure date(seatbooking.feature:17)
      ?[0m
    ?[36mAnd ?[0m?[36muser on tripDetail page select date ?[0m?[36m?[1m29?[0m?[36m "?[0m?[36m?[1mOctober?[0m?[36m" from calender?[0m             ?[90m# TripDetailPageStep.user_on_tripDetail_page_select_from_calender(int,String)?[0m
    ?[36mAnd ?[0m?[36muser on tripDetail page taps on SearchButton?[0m                               ?[90m# TripDetailPageStep.user_on_tripDetail_page_taps_on_SearchButton()?[0m
    ?[36mAnd ?[0m?[36muser on busSearch page select first bus?[0m                                    ?[90m# BusSearchPageStep.user_on_busSearch_page_select_first_bus()?[0m
    ?[36mAnd ?[0m?[36muser on seatSelectionpage selected seat number ?[0m?[36m?[1m9?[0m?[36m and ?[0m?[36m?[1m10?[0m                    ?[90m# SeatSelectionPageStep.user_on_seatSelectionpage_selected_seat_number(int,int)?[0m
    ?[36mAnd ?[0m?[36muser on seatSelectionpage taps on continue?[0m                                 ?[90m# SeatSelectionPageStep.use_on_seatSelectionpage_taps_on_continue()?[0m
    ?[36mAnd ?[0m?[36muser on seatSelectionpage select pick up point as "?[0m?[36m?[1mMajestic?[0m?[36m"?[0m               ?[90m# SeatSelectionPageStep.user_on_seatselectionpage_select_pick_up_pointAs(String)?[0m

?[31mFailed scenarios:?[0m
?[31mseatbooking.feature:27 ?[0m# Scenario Outline: Book a seat in bus

1 Scenarios (?[31m1 failed?[0m)
15 Steps (?[31m1 failed?[0m, ?[36m6 skipped?[0m, ?[32m8 passed?[0m)
1m3.481s

org.openqa.selenium.NoSuchElementException: An element could not be located on the page using the given search parameters. (WARNING: The server did not provide any stacktrace information)
Command duration or timeout: 0 milliseconds
For documentation on this error, please visit: http://seleniumhq.org/exceptions/no_such_element.html
Build info: version: '3.6.0', revision: '6fbf3ec767', time: '2017-09-27T15:28:36.4Z'
System info: host: 'Monils-MacBook-Pro.local', ip: 'fe80:0:0:0:1cbf:1c1b:817f:2eff%en0', os.name: 'Mac OS X', os.arch: 'x86_64', os.version: '10.12.5', java.version: '1.8.0_144'
Driver info: io.appium.java_client.android.AndroidDriver
Capabilities [{app=/Users/moniljoshi/Development/Goibibo/app/Goibibo.apk, appPackage=com.goibibo, deviceScreenSize=1440x2560, networkConnectionEnabled=true, warnings={}, databaseEnabled=false, deviceName=192.168.56.101:5555, platform=LINUX, deviceUDID=192.168.56.101:5555, appActivity=com.goibibo.common.HomeActivity, desired={app=/Users/moniljoshi/Development/Goibibo/app/Goibibo.apk, appPackage=com.goibibo, appActivity=com.goibibo.common.HomeActivity, newCommandTimeout=30, platformVersion=5.1, platformName=Android, deviceName=Android Device, autoAcceptAlerts=true}, newCommandTimeout=30, platformVersion=5.1, webStorageEnabled=false, locationContextEnabled=false, takesScreenshot=true, javascriptEnabled=true, deviceModel=Google Nexus 6 - 5.1.0 - API 22 - 1440x2560, deviceManufacturer=unknown, platformName=LINUX, autoAcceptAlerts=true}]
Session ID: e4fd87ed-2d93-4f2b-a67d-e15e2bd4e4e7
*** Element info: {Using=id, value=textBusOnwDay_cur}
	at sun.reflect.NativeConstructorAccessorImpl.newInstance0(Native Method)
	at sun.reflect.NativeConstructorAccessorImpl.newInstance(NativeConstructorAccessorImpl.java:62)
	at sun.reflect.DelegatingConstructorAccessorImpl.newInstance(DelegatingConstructorAccessorImpl.java:45)
	at java.lang.reflect.Constructor.newInstance(Constructor.java:423)
	at org.openqa.selenium.remote.ErrorHandler.createThrowable(ErrorHandler.java:214)
	at org.openqa.selenium.remote.ErrorHandler.throwIfResponseFailed(ErrorHandler.java:166)
	at org.openqa.selenium.remote.http.JsonHttpResponseCodec.reconstructValue(JsonHttpResponseCodec.java:40)
	at org.openqa.selenium.remote.http.AbstractHttpResponseCodec.decode(AbstractHttpResponseCodec.java:82)
	at org.openqa.selenium.remote.http.AbstractHttpResponseCodec.decode(AbstractHttpResponseCodec.java:45)
	at org.openqa.selenium.remote.HttpCommandExecutor.execute(HttpCommandExecutor.java:164)
	at io.appium.java_client.remote.AppiumCommandExecutor.execute(AppiumCommandExecutor.java:89)
	at org.openqa.selenium.remote.RemoteWebDriver.execute(RemoteWebDriver.java:586)
	at io.appium.java_client.DefaultGenericMobileDriver.execute(DefaultGenericMobileDriver.java:42)
	at io.appium.java_client.AppiumDriver.execute(AppiumDriver.java:1)
	at io.appium.java_client.android.AndroidDriver.execute(AndroidDriver.java:1)
	at org.openqa.selenium.remote.RemoteWebDriver.findElement(RemoteWebDriver.java:356)
	at io.appium.java_client.DefaultGenericMobileDriver.findElement(DefaultGenericMobileDriver.java:62)
	at io.appium.java_client.AppiumDriver.findElement(AppiumDriver.java:1)
	at io.appium.java_client.android.AndroidDriver.findElement(AndroidDriver.java:1)
	at org.openqa.selenium.remote.RemoteWebDriver.findElementById(RemoteWebDriver.java:402)
	at io.appium.java_client.DefaultGenericMobileDriver.findElementById(DefaultGenericMobileDriver.java:70)
	at io.appium.java_client.AppiumDriver.findElementById(AppiumDriver.java:1)
	at io.appium.java_client.android.AndroidDriver.findElementById(AndroidDriver.java:1)
	at org.openqa.selenium.By$ById.findElement(By.java:218)
	at org.openqa.selenium.remote.RemoteWebDriver.findElement(RemoteWebDriver.java:348)
	at io.appium.java_client.DefaultGenericMobileDriver.findElement(DefaultGenericMobileDriver.java:58)
	at io.appium.java_client.AppiumDriver.findElement(AppiumDriver.java:1)
	at io.appium.java_client.android.AndroidDriver.findElement(AndroidDriver.java:1)
	at org.openqa.selenium.support.pagefactory.DefaultElementLocator.findElement(DefaultElementLocator.java:69)
	at org.openqa.selenium.support.pagefactory.internal.LocatingElementHandler.invoke(LocatingElementHandler.java:38)
	at com.sun.proxy.$Proxy19.click(Unknown Source)
	at pages.TripDetailPage.user_on_tripDetail_page_taps_on_Departure_date(TripDetailPage.java:69)
	at steps.TripDetailPageStep.user_on_tripDetail_page_taps_on_Departure_date(TripDetailPageStep.java:34)
	at ?.And user on tripDetail page taps on Departure date(seatbooking.feature:17)

]]></system-out>
  <system-err><![CDATA[]]></system-err>
</testsuite>
